{"C:\\Projects\\e-commerce full stack\\backend\\src\\server.ts": {"path":"C:\\Projects\\e-commerce full stack\\backend\\src\\server.ts","statementMap":{"0":{"start":{"line":1,"column":0},"end":{"line":1,"column":66}},"1":{"start":{"line":2,"column":0},"end":{"line":2,"column":24}},"2":{"start":{"line":3,"column":0},"end":{"line":3,"column":23}},"3":{"start":{"line":4,"column":0},"end":{"line":4,"column":44}},"4":{"start":{"line":5,"column":0},"end":{"line":5,"column":55}},"5":{"start":{"line":6,"column":0},"end":{"line":6,"column":47}},"6":{"start":{"line":7,"column":0},"end":{"line":7,"column":53}},"7":{"start":{"line":11,"column":13},"end":{"line":11,"column":42}},"8":{"start":{"line":12,"column":13},"end":{"line":12,"column":37}},"9":{"start":{"line":13,"column":0},"end":{"line":19,"column":1}},"10":{"start":{"line":14,"column":2},"end":{"line":14,"column":14}},"11":{"start":{"line":15,"column":2},"end":{"line":15,"column":22}},"12":{"start":{"line":16,"column":2},"end":{"line":18,"column":5}},"13":{"start":{"line":17,"column":4},"end":{"line":17,"column":52}},"14":{"start":{"line":23,"column":0},"end":{"line":23,"column":24}},"15":{"start":{"line":24,"column":0},"end":{"line":24,"column":16}},"16":{"start":{"line":27,"column":0},"end":{"line":27,"column":33}},"17":{"start":{"line":28,"column":0},"end":{"line":28,"column":39}},"18":{"start":{"line":30,"column":0},"end":{"line":32,"column":3}},"19":{"start":{"line":31,"column":2},"end":{"line":31,"column":26}}},"fnMap":{"0":{"name":"(anonymous_1)","decl":{"start":{"line":16,"column":19},"end":{"line":16,"column":22}},"loc":{"start":{"line":16,"column":24},"end":{"line":18,"column":3}}},"1":{"name":"(anonymous_2)","decl":{"start":{"line":30,"column":13},"end":{"line":30,"column":14}},"loc":{"start":{"line":30,"column":45},"end":{"line":32,"column":1}}}},"branchMap":{"0":{"loc":{"start":{"line":12,"column":13},"end":{"line":12,"column":37}},"type":"binary-expr","locations":[{"start":{"line":12,"column":13},"end":{"line":12,"column":29}},{"start":{"line":12,"column":33},"end":{"line":12,"column":37}}]},"1":{"loc":{"start":{"line":13,"column":0},"end":{"line":19,"column":1}},"type":"if","locations":[{"start":{"line":13,"column":0},"end":{"line":19,"column":1}}]}},"s":{"0":2,"1":2,"2":2,"3":2,"4":2,"5":2,"6":2,"7":2,"8":2,"9":2,"10":0,"11":0,"12":0,"13":0,"14":2,"15":2,"16":2,"17":2,"18":2,"19":0},"f":{"0":0,"1":0},"b":{"0":[2,2],"1":[0]}}
,"C:\\Projects\\e-commerce full stack\\backend\\src\\config\\cloudinary.ts": {"path":"C:\\Projects\\e-commerce full stack\\backend\\src\\config\\cloudinary.ts","statementMap":{"0":{"start":{"line":1,"column":0},"end":{"line":1,"column":46}},"1":{"start":{"line":3,"column":26},"end":{"line":9,"column":1}},"2":{"start":{"line":4,"column":2},"end":{"line":8,"column":5}},"3":{"start":{"line":11,"column":0},"end":{"line":11,"column":33}}},"fnMap":{"0":{"name":"(anonymous_0)","decl":{"start":{"line":3,"column":26},"end":{"line":3,"column":29}},"loc":{"start":{"line":3,"column":31},"end":{"line":9,"column":1}}}},"branchMap":{},"s":{"0":2,"1":2,"2":0,"3":2},"f":{"0":0},"b":{}}
,"C:\\Projects\\e-commerce full stack\\backend\\src\\config\\mongodb.ts": {"path":"C:\\Projects\\e-commerce full stack\\backend\\src\\config\\mongodb.ts","statementMap":{"0":{"start":{"line":1,"column":0},"end":{"line":1,"column":32}},"1":{"start":{"line":3,"column":18},"end":{"line":9,"column":2}},"2":{"start":{"line":3,"column":29},"end":{"line":9,"column":2}},"3":{"start":{"line":5,"column":2},"end":{"line":7,"column":5}},"4":{"start":{"line":6,"column":4},"end":{"line":6,"column":32}},"5":{"start":{"line":8,"column":2},"end":{"line":8,"column":66}},"6":{"start":{"line":11,"column":0},"end":{"line":11,"column":25}}},"fnMap":{"0":{"name":"(anonymous_8)","decl":{"start":{"line":3,"column":18},"end":{"line":3,"column":27}},"loc":{"start":{"line":3,"column":29},"end":{"line":9,"column":2}}},"1":{"name":"(anonymous_9)","decl":{"start":{"line":3,"column":29},"end":{"line":3,"column":null}},"loc":{"start":{"line":3,"column":29},"end":{"line":9,"column":1}}},"2":{"name":"(anonymous_10)","decl":{"start":{"line":5,"column":38},"end":{"line":5,"column":41}},"loc":{"start":{"line":5,"column":43},"end":{"line":7,"column":3}}}},"branchMap":{},"s":{"0":2,"1":2,"2":0,"3":0,"4":0,"5":0,"6":2},"f":{"0":0,"1":0,"2":0},"b":{}}
,"C:\\Projects\\e-commerce full stack\\backend\\src\\controllers\\productController.ts": {"path":"C:\\Projects\\e-commerce full stack\\backend\\src\\controllers\\productController.ts","statementMap":{"0":{"start":{"line":2,"column":0},"end":{"line":2,"column":46}},"1":{"start":{"line":3,"column":0},"end":{"line":3,"column":50}},"2":{"start":{"line":10,"column":42},"end":{"line":59,"column":2}},"3":{"start":{"line":10,"column":80},"end":{"line":59,"column":2}},"4":{"start":{"line":11,"column":2},"end":{"line":58,"column":3}},"5":{"start":{"line":12,"column":83},"end":{"line":12,"column":91}},"6":{"start":{"line":15,"column":4},"end":{"line":18,"column":5}},"7":{"start":{"line":16,"column":6},"end":{"line":16,"column":84}},"8":{"start":{"line":17,"column":6},"end":{"line":17,"column":13}},"9":{"start":{"line":20,"column":18},"end":{"line":20,"column":41}},"10":{"start":{"line":22,"column":19},"end":{"line":22,"column":50}},"11":{"start":{"line":23,"column":19},"end":{"line":23,"column":50}},"12":{"start":{"line":24,"column":19},"end":{"line":24,"column":50}},"13":{"start":{"line":25,"column":19},"end":{"line":25,"column":50}},"14":{"start":{"line":27,"column":19},"end":{"line":27,"column":88}},"15":{"start":{"line":27,"column":69},"end":{"line":27,"column":87}},"16":{"start":{"line":29,"column":20},"end":{"line":33,"column":null}},"17":{"start":{"line":30,"column":32},"end":{"line":33,"column":8}},"18":{"start":{"line":31,"column":21},"end":{"line":31,"column":92}},"19":{"start":{"line":32,"column":8},"end":{"line":32,"column":33}},"20":{"start":{"line":36,"column":24},"end":{"line":46,"column":6}},"21":{"start":{"line":48,"column":20},"end":{"line":48,"column":49}},"22":{"start":{"line":51,"column":4},"end":{"line":51,"column":25}},"23":{"start":{"line":54,"column":4},"end":{"line":54,"column":58}},"24":{"start":{"line":56,"column":4},"end":{"line":56,"column":23}},"25":{"start":{"line":57,"column":4},"end":{"line":57,"column":103}},"26":{"start":{"line":10,"column":13},"end":{"line":10,"column":42}},"27":{"start":{"line":62,"column":45},"end":{"line":75,"column":2}},"28":{"start":{"line":62,"column":83},"end":{"line":75,"column":2}},"29":{"start":{"line":63,"column":2},"end":{"line":74,"column":3}},"30":{"start":{"line":64,"column":20},"end":{"line":64,"column":60}},"31":{"start":{"line":65,"column":4},"end":{"line":68,"column":5}},"32":{"start":{"line":66,"column":6},"end":{"line":66,"column":78}},"33":{"start":{"line":67,"column":6},"end":{"line":67,"column":13}},"34":{"start":{"line":69,"column":4},"end":{"line":69,"column":54}},"35":{"start":{"line":70,"column":4},"end":{"line":70,"column":60}},"36":{"start":{"line":72,"column":4},"end":{"line":72,"column":23}},"37":{"start":{"line":73,"column":4},"end":{"line":73,"column":103}},"38":{"start":{"line":62,"column":13},"end":{"line":62,"column":45}},"39":{"start":{"line":78,"column":43},"end":{"line":87,"column":2}},"40":{"start":{"line":78,"column":81},"end":{"line":87,"column":2}},"41":{"start":{"line":79,"column":2},"end":{"line":86,"column":3}},"42":{"start":{"line":81,"column":21},"end":{"line":81,"column":48}},"43":{"start":{"line":82,"column":4},"end":{"line":82,"column":42}},"44":{"start":{"line":84,"column":4},"end":{"line":84,"column":23}},"45":{"start":{"line":85,"column":4},"end":{"line":85,"column":103}},"46":{"start":{"line":78,"column":13},"end":{"line":78,"column":43}},"47":{"start":{"line":90,"column":45},"end":{"line":111,"column":2}},"48":{"start":{"line":90,"column":83},"end":{"line":111,"column":2}},"49":{"start":{"line":91,"column":2},"end":{"line":110,"column":3}},"50":{"start":{"line":92,"column":26},"end":{"line":92,"column":34}},"51":{"start":{"line":93,"column":4},"end":{"line":96,"column":5}},"52":{"start":{"line":94,"column":6},"end":{"line":94,"column":83}},"53":{"start":{"line":95,"column":6},"end":{"line":95,"column":13}},"54":{"start":{"line":98,"column":20},"end":{"line":98,"column":58}},"55":{"start":{"line":101,"column":4},"end":{"line":104,"column":5}},"56":{"start":{"line":102,"column":6},"end":{"line":102,"column":78}},"57":{"start":{"line":103,"column":6},"end":{"line":103,"column":13}},"58":{"start":{"line":106,"column":4},"end":{"line":106,"column":41}},"59":{"start":{"line":108,"column":4},"end":{"line":108,"column":23}},"60":{"start":{"line":109,"column":4},"end":{"line":109,"column":103}},"61":{"start":{"line":90,"column":13},"end":{"line":90,"column":45}}},"fnMap":{"0":{"name":"(anonymous_8)","decl":{"start":{"line":10,"column":42},"end":{"line":10,"column":49}},"loc":{"start":{"line":10,"column":80},"end":{"line":59,"column":2}}},"1":{"name":"(anonymous_9)","decl":{"start":{"line":10,"column":80},"end":{"line":10,"column":null}},"loc":{"start":{"line":10,"column":80},"end":{"line":59,"column":1}}},"2":{"name":"(anonymous_10)","decl":{"start":{"line":27,"column":59},"end":{"line":27,"column":60}},"loc":{"start":{"line":27,"column":69},"end":{"line":27,"column":87}}},"3":{"name":"(anonymous_11)","decl":{"start":{"line":30,"column":17},"end":{"line":30,"column":24}},"loc":{"start":{"line":30,"column":32},"end":{"line":33,"column":8}}},"4":{"name":"(anonymous_12)","decl":{"start":{"line":30,"column":32},"end":{"line":30,"column":null}},"loc":{"start":{"line":30,"column":32},"end":{"line":33,"column":7}}},"5":{"name":"(anonymous_13)","decl":{"start":{"line":62,"column":45},"end":{"line":62,"column":52}},"loc":{"start":{"line":62,"column":83},"end":{"line":75,"column":2}}},"6":{"name":"(anonymous_14)","decl":{"start":{"line":62,"column":83},"end":{"line":62,"column":null}},"loc":{"start":{"line":62,"column":83},"end":{"line":75,"column":1}}},"7":{"name":"(anonymous_15)","decl":{"start":{"line":78,"column":43},"end":{"line":78,"column":50}},"loc":{"start":{"line":78,"column":81},"end":{"line":87,"column":2}}},"8":{"name":"(anonymous_16)","decl":{"start":{"line":78,"column":81},"end":{"line":78,"column":null}},"loc":{"start":{"line":78,"column":81},"end":{"line":87,"column":1}}},"9":{"name":"(anonymous_17)","decl":{"start":{"line":90,"column":45},"end":{"line":90,"column":52}},"loc":{"start":{"line":90,"column":83},"end":{"line":111,"column":2}}},"10":{"name":"(anonymous_18)","decl":{"start":{"line":90,"column":83},"end":{"line":90,"column":null}},"loc":{"start":{"line":90,"column":83},"end":{"line":111,"column":1}}}},"branchMap":{"0":{"loc":{"start":{"line":15,"column":4},"end":{"line":18,"column":5}},"type":"if","locations":[{"start":{"line":15,"column":4},"end":{"line":18,"column":5}}]},"1":{"loc":{"start":{"line":15,"column":8},"end":{"line":15,"column":78}},"type":"binary-expr","locations":[{"start":{"line":15,"column":8},"end":{"line":15,"column":13}},{"start":{"line":15,"column":17},"end":{"line":15,"column":29}},{"start":{"line":15,"column":33},"end":{"line":15,"column":39}},{"start":{"line":15,"column":43},"end":{"line":15,"column":52}},{"start":{"line":15,"column":56},"end":{"line":15,"column":68}},{"start":{"line":15,"column":72},"end":{"line":15,"column":78}}]},"2":{"loc":{"start":{"line":22,"column":19},"end":{"line":22,"column":50}},"type":"binary-expr","locations":[{"start":{"line":22,"column":19},"end":{"line":22,"column":31}},{"start":{"line":22,"column":35},"end":{"line":22,"column":50}}]},"3":{"loc":{"start":{"line":23,"column":19},"end":{"line":23,"column":50}},"type":"binary-expr","locations":[{"start":{"line":23,"column":19},"end":{"line":23,"column":31}},{"start":{"line":23,"column":35},"end":{"line":23,"column":50}}]},"4":{"loc":{"start":{"line":24,"column":19},"end":{"line":24,"column":50}},"type":"binary-expr","locations":[{"start":{"line":24,"column":19},"end":{"line":24,"column":31}},{"start":{"line":24,"column":35},"end":{"line":24,"column":50}}]},"5":{"loc":{"start":{"line":25,"column":19},"end":{"line":25,"column":50}},"type":"binary-expr","locations":[{"start":{"line":25,"column":19},"end":{"line":25,"column":31}},{"start":{"line":25,"column":35},"end":{"line":25,"column":50}}]},"6":{"loc":{"start":{"line":42,"column":18},"end":{"line":42,"column":54}},"type":"cond-expr","locations":[{"start":{"line":42,"column":42},"end":{"line":42,"column":46}},{"start":{"line":42,"column":49},"end":{"line":42,"column":54}}]},"7":{"loc":{"start":{"line":57,"column":4},"end":{"line":57,"column":102}},"type":"cond-expr","locations":[{"start":{"line":57,"column":29},"end":{"line":57,"column":81}},{"start":{"line":57,"column":84},"end":{"line":57,"column":102}}]},"8":{"loc":{"start":{"line":65,"column":4},"end":{"line":68,"column":5}},"type":"if","locations":[{"start":{"line":65,"column":4},"end":{"line":68,"column":5}}]},"9":{"loc":{"start":{"line":73,"column":4},"end":{"line":73,"column":102}},"type":"cond-expr","locations":[{"start":{"line":73,"column":29},"end":{"line":73,"column":81}},{"start":{"line":73,"column":84},"end":{"line":73,"column":102}}]},"10":{"loc":{"start":{"line":85,"column":4},"end":{"line":85,"column":102}},"type":"cond-expr","locations":[{"start":{"line":85,"column":29},"end":{"line":85,"column":81}},{"start":{"line":85,"column":84},"end":{"line":85,"column":102}}]},"11":{"loc":{"start":{"line":93,"column":4},"end":{"line":96,"column":5}},"type":"if","locations":[{"start":{"line":93,"column":4},"end":{"line":96,"column":5}}]},"12":{"loc":{"start":{"line":101,"column":4},"end":{"line":104,"column":5}},"type":"if","locations":[{"start":{"line":101,"column":4},"end":{"line":104,"column":5}}]},"13":{"loc":{"start":{"line":109,"column":4},"end":{"line":109,"column":102}},"type":"cond-expr","locations":[{"start":{"line":109,"column":29},"end":{"line":109,"column":81}},{"start":{"line":109,"column":84},"end":{"line":109,"column":102}}]}},"s":{"0":2,"1":2,"2":2,"3":2,"4":2,"5":2,"6":2,"7":1,"8":1,"9":1,"10":1,"11":1,"12":1,"13":1,"14":1,"15":4,"16":1,"17":4,"18":4,"19":4,"20":1,"21":1,"22":1,"23":1,"24":0,"25":0,"26":2,"27":2,"28":2,"29":2,"30":2,"31":2,"32":1,"33":1,"34":1,"35":1,"36":0,"37":0,"38":2,"39":2,"40":1,"41":1,"42":1,"43":1,"44":0,"45":0,"46":2,"47":2,"48":3,"49":3,"50":3,"51":3,"52":1,"53":1,"54":2,"55":2,"56":1,"57":1,"58":1,"59":0,"60":0,"61":2},"f":{"0":2,"1":2,"2":4,"3":4,"4":4,"5":2,"6":2,"7":1,"8":1,"9":3,"10":3},"b":{"0":[1],"1":[2,1,1,1,1,1],"2":[1,1],"3":[1,1],"4":[1,1],"5":[1,1],"6":[1,0],"7":[0,0],"8":[1],"9":[0,0],"10":[0,0],"11":[1],"12":[1],"13":[0,0]}}
,"C:\\Projects\\e-commerce full stack\\backend\\src\\controllers\\userController.ts": {"path":"C:\\Projects\\e-commerce full stack\\backend\\src\\controllers\\userController.ts","statementMap":{"0":{"start":{"line":2,"column":0},"end":{"line":2,"column":44}},"1":{"start":{"line":3,"column":0},"end":{"line":3,"column":34}},"2":{"start":{"line":4,"column":0},"end":{"line":4,"column":28}},"3":{"start":{"line":5,"column":0},"end":{"line":5,"column":31}},"4":{"start":{"line":8,"column":20},"end":{"line":13,"column":1}},"5":{"start":{"line":9,"column":2},"end":{"line":11,"column":3}},"6":{"start":{"line":10,"column":4},"end":{"line":10,"column":49}},"7":{"start":{"line":12,"column":2},"end":{"line":12,"column":50}},"8":{"start":{"line":16,"column":34},"end":{"line":39,"column":2}},"9":{"start":{"line":16,"column":72},"end":{"line":39,"column":2}},"10":{"start":{"line":17,"column":2},"end":{"line":38,"column":3}},"11":{"start":{"line":18,"column":32},"end":{"line":18,"column":40}},"12":{"start":{"line":19,"column":17},"end":{"line":19,"column":51}},"13":{"start":{"line":21,"column":4},"end":{"line":24,"column":5}},"14":{"start":{"line":22,"column":6},"end":{"line":22,"column":66}},"15":{"start":{"line":23,"column":6},"end":{"line":23,"column":13}},"16":{"start":{"line":26,"column":20},"end":{"line":26,"column":65}},"17":{"start":{"line":28,"column":4},"end":{"line":33,"column":5}},"18":{"start":{"line":29,"column":20},"end":{"line":29,"column":41}},"19":{"start":{"line":30,"column":6},"end":{"line":30,"column":41}},"20":{"start":{"line":32,"column":6},"end":{"line":32,"column":67}},"21":{"start":{"line":35,"column":4},"end":{"line":35,"column":23}},"22":{"start":{"line":36,"column":25},"end":{"line":36,"column":93}},"23":{"start":{"line":37,"column":4},"end":{"line":37,"column":68}},"24":{"start":{"line":106,"column":9},"end":{"line":106,"column":18}},"25":{"start":{"line":42,"column":37},"end":{"line":83,"column":2}},"26":{"start":{"line":42,"column":90},"end":{"line":83,"column":2}},"27":{"start":{"line":43,"column":2},"end":{"line":82,"column":3}},"28":{"start":{"line":44,"column":38},"end":{"line":44,"column":46}},"29":{"start":{"line":47,"column":19},"end":{"line":47,"column":53}},"30":{"start":{"line":48,"column":4},"end":{"line":51,"column":5}},"31":{"start":{"line":49,"column":6},"end":{"line":49,"column":67}},"32":{"start":{"line":50,"column":6},"end":{"line":50,"column":13}},"33":{"start":{"line":54,"column":4},"end":{"line":57,"column":5}},"34":{"start":{"line":55,"column":6},"end":{"line":55,"column":74}},"35":{"start":{"line":56,"column":6},"end":{"line":56,"column":13}},"36":{"start":{"line":58,"column":4},"end":{"line":61,"column":5}},"37":{"start":{"line":59,"column":6},"end":{"line":59,"column":78}},"38":{"start":{"line":60,"column":6},"end":{"line":60,"column":13}},"39":{"start":{"line":65,"column":17},"end":{"line":65,"column":41}},"40":{"start":{"line":66,"column":27},"end":{"line":66,"column":60}},"41":{"start":{"line":68,"column":20},"end":{"line":72,"column":6}},"42":{"start":{"line":74,"column":17},"end":{"line":74,"column":37}},"43":{"start":{"line":76,"column":18},"end":{"line":76,"column":39}},"44":{"start":{"line":77,"column":4},"end":{"line":77,"column":39}},"45":{"start":{"line":79,"column":4},"end":{"line":79,"column":23}},"46":{"start":{"line":80,"column":25},"end":{"line":80,"column":93}},"47":{"start":{"line":81,"column":4},"end":{"line":81,"column":68}},"48":{"start":{"line":106,"column":20},"end":{"line":106,"column":32}},"49":{"start":{"line":86,"column":35},"end":{"line":104,"column":2}},"50":{"start":{"line":86,"column":73},"end":{"line":104,"column":2}},"51":{"start":{"line":87,"column":2},"end":{"line":103,"column":3}},"52":{"start":{"line":88,"column":32},"end":{"line":88,"column":40}},"53":{"start":{"line":90,"column":4},"end":{"line":98,"column":5}},"54":{"start":{"line":91,"column":6},"end":{"line":93,"column":7}},"55":{"start":{"line":92,"column":8},"end":{"line":92,"column":53}},"56":{"start":{"line":94,"column":20},"end":{"line":94,"column":70}},"57":{"start":{"line":95,"column":6},"end":{"line":95,"column":41}},"58":{"start":{"line":97,"column":6},"end":{"line":97,"column":67}},"59":{"start":{"line":100,"column":4},"end":{"line":100,"column":23}},"60":{"start":{"line":101,"column":25},"end":{"line":101,"column":93}},"61":{"start":{"line":102,"column":4},"end":{"line":102,"column":68}},"62":{"start":{"line":106,"column":34},"end":{"line":106,"column":44}}},"fnMap":{"0":{"name":"(anonymous_8)","decl":{"start":{"line":8,"column":20},"end":{"line":8,"column":21}},"loc":{"start":{"line":8,"column":37},"end":{"line":13,"column":1}}},"1":{"name":"(anonymous_9)","decl":{"start":{"line":16,"column":34},"end":{"line":16,"column":41}},"loc":{"start":{"line":16,"column":72},"end":{"line":39,"column":2}}},"2":{"name":"(anonymous_10)","decl":{"start":{"line":16,"column":72},"end":{"line":16,"column":null}},"loc":{"start":{"line":16,"column":72},"end":{"line":39,"column":1}}},"3":{"name":"(anonymous_11)","decl":{"start":{"line":42,"column":37},"end":{"line":42,"column":44}},"loc":{"start":{"line":42,"column":90},"end":{"line":83,"column":2}}},"4":{"name":"(anonymous_12)","decl":{"start":{"line":42,"column":90},"end":{"line":42,"column":null}},"loc":{"start":{"line":42,"column":90},"end":{"line":83,"column":1}}},"5":{"name":"(anonymous_13)","decl":{"start":{"line":86,"column":35},"end":{"line":86,"column":42}},"loc":{"start":{"line":86,"column":73},"end":{"line":104,"column":2}}},"6":{"name":"(anonymous_14)","decl":{"start":{"line":86,"column":73},"end":{"line":86,"column":null}},"loc":{"start":{"line":86,"column":73},"end":{"line":104,"column":1}}}},"branchMap":{"0":{"loc":{"start":{"line":9,"column":2},"end":{"line":11,"column":3}},"type":"if","locations":[{"start":{"line":9,"column":2},"end":{"line":11,"column":3}}]},"1":{"loc":{"start":{"line":21,"column":4},"end":{"line":24,"column":5}},"type":"if","locations":[{"start":{"line":21,"column":4},"end":{"line":24,"column":5}}]},"2":{"loc":{"start":{"line":28,"column":4},"end":{"line":33,"column":5}},"type":"if","locations":[{"start":{"line":28,"column":4},"end":{"line":33,"column":5}},{"start":{"line":31,"column":11},"end":{"line":33,"column":5}}]},"3":{"loc":{"start":{"line":36,"column":25},"end":{"line":36,"column":93}},"type":"cond-expr","locations":[{"start":{"line":36,"column":50},"end":{"line":36,"column":63}},{"start":{"line":36,"column":66},"end":{"line":36,"column":93}}]},"4":{"loc":{"start":{"line":48,"column":4},"end":{"line":51,"column":5}},"type":"if","locations":[{"start":{"line":48,"column":4},"end":{"line":51,"column":5}}]},"5":{"loc":{"start":{"line":54,"column":4},"end":{"line":57,"column":5}},"type":"if","locations":[{"start":{"line":54,"column":4},"end":{"line":57,"column":5}}]},"6":{"loc":{"start":{"line":58,"column":4},"end":{"line":61,"column":5}},"type":"if","locations":[{"start":{"line":58,"column":4},"end":{"line":61,"column":5}}]},"7":{"loc":{"start":{"line":80,"column":25},"end":{"line":80,"column":93}},"type":"cond-expr","locations":[{"start":{"line":80,"column":50},"end":{"line":80,"column":63}},{"start":{"line":80,"column":66},"end":{"line":80,"column":93}}]},"8":{"loc":{"start":{"line":90,"column":4},"end":{"line":98,"column":5}},"type":"if","locations":[{"start":{"line":90,"column":4},"end":{"line":98,"column":5}},{"start":{"line":96,"column":11},"end":{"line":98,"column":5}}]},"9":{"loc":{"start":{"line":90,"column":8},"end":{"line":90,"column":84}},"type":"binary-expr","locations":[{"start":{"line":90,"column":8},"end":{"line":90,"column":41}},{"start":{"line":90,"column":45},"end":{"line":90,"column":84}}]},"10":{"loc":{"start":{"line":91,"column":6},"end":{"line":93,"column":7}},"type":"if","locations":[{"start":{"line":91,"column":6},"end":{"line":93,"column":7}}]},"11":{"loc":{"start":{"line":101,"column":25},"end":{"line":101,"column":93}},"type":"cond-expr","locations":[{"start":{"line":101,"column":50},"end":{"line":101,"column":63}},{"start":{"line":101,"column":66},"end":{"line":101,"column":93}}]}},"s":{"0":2,"1":2,"2":2,"3":2,"4":2,"5":2,"6":0,"7":2,"8":2,"9":3,"10":3,"11":3,"12":3,"13":3,"14":1,"15":1,"16":2,"17":2,"18":1,"19":1,"20":1,"21":0,"22":0,"23":0,"24":2,"25":2,"26":4,"27":4,"28":4,"29":4,"30":4,"31":1,"32":1,"33":3,"34":1,"35":1,"36":2,"37":1,"38":1,"39":1,"40":1,"41":1,"42":1,"43":1,"44":1,"45":0,"46":0,"47":0,"48":2,"49":2,"50":2,"51":2,"52":2,"53":2,"54":1,"55":0,"56":1,"57":1,"58":1,"59":0,"60":0,"61":0,"62":2},"f":{"0":2,"1":3,"2":3,"3":4,"4":4,"5":2,"6":2},"b":{"0":[0],"1":[1],"2":[1,1],"3":[0,0],"4":[1],"5":[1],"6":[1],"7":[0,0],"8":[1,1],"9":[2,1],"10":[0],"11":[0,0]}}
,"C:\\Projects\\e-commerce full stack\\backend\\src\\middleware\\adminAuth.ts": {"path":"C:\\Projects\\e-commerce full stack\\backend\\src\\middleware\\adminAuth.ts","statementMap":{"0":{"start":{"line":2,"column":0},"end":{"line":2,"column":31}},"1":{"start":{"line":4,"column":34},"end":{"line":25,"column":2}},"2":{"start":{"line":4,"column":92},"end":{"line":25,"column":2}},"3":{"start":{"line":5,"column":2},"end":{"line":24,"column":3}},"4":{"start":{"line":6,"column":18},"end":{"line":6,"column":93}},"5":{"start":{"line":7,"column":4},"end":{"line":10,"column":5}},"6":{"start":{"line":8,"column":6},"end":{"line":8,"column":63}},"7":{"start":{"line":9,"column":6},"end":{"line":9,"column":13}},"8":{"start":{"line":11,"column":4},"end":{"line":14,"column":5}},"9":{"start":{"line":12,"column":6},"end":{"line":12,"column":64}},"10":{"start":{"line":13,"column":6},"end":{"line":13,"column":13}},"11":{"start":{"line":15,"column":24},"end":{"line":15,"column":75}},"12":{"start":{"line":16,"column":4},"end":{"line":18,"column":5}},"13":{"start":{"line":17,"column":6},"end":{"line":17,"column":75}},"14":{"start":{"line":19,"column":4},"end":{"line":19,"column":11}},"15":{"start":{"line":21,"column":4},"end":{"line":21,"column":23}},"16":{"start":{"line":22,"column":25},"end":{"line":22,"column":93}},"17":{"start":{"line":23,"column":4},"end":{"line":23,"column":68}},"18":{"start":{"line":27,"column":0},"end":{"line":27,"column":25}}},"fnMap":{"0":{"name":"(anonymous_8)","decl":{"start":{"line":4,"column":34},"end":{"line":4,"column":41}},"loc":{"start":{"line":4,"column":92},"end":{"line":25,"column":2}}},"1":{"name":"(anonymous_9)","decl":{"start":{"line":4,"column":92},"end":{"line":4,"column":null}},"loc":{"start":{"line":4,"column":92},"end":{"line":25,"column":1}}}},"branchMap":{"0":{"loc":{"start":{"line":6,"column":18},"end":{"line":6,"column":93}},"type":"cond-expr","locations":[{"start":{"line":6,"column":53},"end":{"line":6,"column":73}},{"start":{"line":6,"column":76},"end":{"line":6,"column":93}}]},"1":{"loc":{"start":{"line":7,"column":4},"end":{"line":10,"column":5}},"type":"if","locations":[{"start":{"line":7,"column":4},"end":{"line":10,"column":5}}]},"2":{"loc":{"start":{"line":11,"column":4},"end":{"line":14,"column":5}},"type":"if","locations":[{"start":{"line":11,"column":4},"end":{"line":14,"column":5}}]},"3":{"loc":{"start":{"line":16,"column":4},"end":{"line":18,"column":5}},"type":"if","locations":[{"start":{"line":16,"column":4},"end":{"line":18,"column":5}}]},"4":{"loc":{"start":{"line":22,"column":25},"end":{"line":22,"column":93}},"type":"cond-expr","locations":[{"start":{"line":22,"column":50},"end":{"line":22,"column":63}},{"start":{"line":22,"column":66},"end":{"line":22,"column":93}}]}},"s":{"0":2,"1":2,"2":6,"3":6,"4":6,"5":6,"6":2,"7":2,"8":4,"9":0,"10":0,"11":4,"12":4,"13":0,"14":4,"15":0,"16":0,"17":0,"18":2},"f":{"0":6,"1":6},"b":{"0":[0,6],"1":[2],"2":[0],"3":[0],"4":[0,0]}}
,"C:\\Projects\\e-commerce full stack\\backend\\src\\middleware\\multer.ts": {"path":"C:\\Projects\\e-commerce full stack\\backend\\src\\middleware\\multer.ts","statementMap":{"0":{"start":{"line":1,"column":0},"end":{"line":1,"column":28}},"1":{"start":{"line":4,"column":16},"end":{"line":8,"column":2}},"2":{"start":{"line":6,"column":4},"end":{"line":6,"column":38}},"3":{"start":{"line":10,"column":15},"end":{"line":10,"column":34}},"4":{"start":{"line":12,"column":0},"end":{"line":12,"column":22}}},"fnMap":{"0":{"name":"(anonymous_1)","decl":{"start":{"line":5,"column":12},"end":{"line":5,"column":22}},"loc":{"start":{"line":5,"column":41},"end":{"line":7,"column":3}}}},"branchMap":{},"s":{"0":2,"1":2,"2":4,"3":2,"4":2},"f":{"0":4},"b":{}}
,"C:\\Projects\\e-commerce full stack\\backend\\src\\models\\productModel.ts": {"path":"C:\\Projects\\e-commerce full stack\\backend\\src\\models\\productModel.ts","statementMap":{"0":{"start":{"line":1,"column":0},"end":{"line":1,"column":51}},"1":{"start":{"line":3,"column":30},"end":{"line":13,"column":2}},"2":{"start":{"line":15,"column":21},"end":{"line":15,"column":88}},"3":{"start":{"line":17,"column":0},"end":{"line":17,"column":28}}},"fnMap":{},"branchMap":{"0":{"loc":{"start":{"line":15,"column":21},"end":{"line":15,"column":88}},"type":"binary-expr","locations":[{"start":{"line":15,"column":21},"end":{"line":15,"column":44}},{"start":{"line":15,"column":48},"end":{"line":15,"column":88}}]}},"s":{"0":2,"1":2,"2":2,"3":2},"f":{},"b":{"0":[2,2]}}
,"C:\\Projects\\e-commerce full stack\\backend\\src\\models\\userModel.ts": {"path":"C:\\Projects\\e-commerce full stack\\backend\\src\\models\\userModel.ts","statementMap":{"0":{"start":{"line":1,"column":0},"end":{"line":1,"column":44}},"1":{"start":{"line":3,"column":19},"end":{"line":10,"column":null}},"2":{"start":{"line":13,"column":18},"end":{"line":13,"column":76}},"3":{"start":{"line":15,"column":0},"end":{"line":15,"column":null}}},"fnMap":{},"branchMap":{"0":{"loc":{"start":{"line":13,"column":18},"end":{"line":13,"column":76}},"type":"binary-expr","locations":[{"start":{"line":13,"column":18},"end":{"line":13,"column":38}},{"start":{"line":13,"column":42},"end":{"line":13,"column":76}}]}},"s":{"0":2,"1":2,"2":2,"3":2},"f":{},"b":{"0":[2,2]}}
,"C:\\Projects\\e-commerce full stack\\backend\\src\\routes\\productRoute.ts": {"path":"C:\\Projects\\e-commerce full stack\\backend\\src\\routes\\productRoute.ts","statementMap":{"0":{"start":{"line":1,"column":0},"end":{"line":1,"column":30}},"1":{"start":{"line":2,"column":0},"end":{"line":2,"column":105}},"2":{"start":{"line":3,"column":0},"end":{"line":3,"column":42}},"3":{"start":{"line":4,"column":0},"end":{"line":4,"column":48}},"4":{"start":{"line":6,"column":38},"end":{"line":6,"column":54}},"5":{"start":{"line":8,"column":0},"end":{"line":18,"column":2}},"6":{"start":{"line":19,"column":0},"end":{"line":19,"column":56}},"7":{"start":{"line":20,"column":0},"end":{"line":20,"column":45}},"8":{"start":{"line":21,"column":0},"end":{"line":21,"column":40}},"9":{"start":{"line":23,"column":0},"end":{"line":23,"column":29}}},"fnMap":{},"branchMap":{},"s":{"0":2,"1":2,"2":2,"3":2,"4":2,"5":2,"6":2,"7":2,"8":2,"9":2},"f":{},"b":{}}
,"C:\\Projects\\e-commerce full stack\\backend\\src\\routes\\userRoute.ts": {"path":"C:\\Projects\\e-commerce full stack\\backend\\src\\routes\\userRoute.ts","statementMap":{"0":{"start":{"line":1,"column":0},"end":{"line":1,"column":30}},"1":{"start":{"line":2,"column":0},"end":{"line":2,"column":84}},"2":{"start":{"line":4,"column":19},"end":{"line":4,"column":35}},"3":{"start":{"line":6,"column":0},"end":{"line":6,"column":43}},"4":{"start":{"line":7,"column":0},"end":{"line":7,"column":37}},"5":{"start":{"line":8,"column":0},"end":{"line":8,"column":38}},"6":{"start":{"line":10,"column":0},"end":{"line":10,"column":26}}},"fnMap":{},"branchMap":{},"s":{"0":2,"1":2,"2":2,"3":2,"4":2,"5":2,"6":2},"f":{},"b":{}}
}
