{"C:\\Projects\\e-commerce full stack\\backend\\src\\server.ts": {"path":"C:\\Projects\\e-commerce full stack\\backend\\src\\server.ts","statementMap":{"0":{"start":{"line":1,"column":0},"end":{"line":1,"column":66}},"1":{"start":{"line":2,"column":0},"end":{"line":2,"column":24}},"2":{"start":{"line":3,"column":0},"end":{"line":3,"column":23}},"3":{"start":{"line":4,"column":0},"end":{"line":4,"column":44}},"4":{"start":{"line":5,"column":0},"end":{"line":5,"column":55}},"5":{"start":{"line":6,"column":0},"end":{"line":6,"column":47}},"6":{"start":{"line":7,"column":0},"end":{"line":7,"column":53}},"7":{"start":{"line":8,"column":0},"end":{"line":8,"column":48}},"8":{"start":{"line":9,"column":0},"end":{"line":9,"column":49}},"9":{"start":{"line":13,"column":13},"end":{"line":13,"column":42}},"10":{"start":{"line":14,"column":13},"end":{"line":14,"column":37}},"11":{"start":{"line":15,"column":0},"end":{"line":21,"column":1}},"12":{"start":{"line":16,"column":2},"end":{"line":16,"column":14}},"13":{"start":{"line":17,"column":2},"end":{"line":17,"column":22}},"14":{"start":{"line":18,"column":2},"end":{"line":20,"column":5}},"15":{"start":{"line":19,"column":4},"end":{"line":19,"column":52}},"16":{"start":{"line":25,"column":0},"end":{"line":25,"column":24}},"17":{"start":{"line":26,"column":0},"end":{"line":26,"column":16}},"18":{"start":{"line":29,"column":0},"end":{"line":29,"column":33}},"19":{"start":{"line":30,"column":0},"end":{"line":30,"column":39}},"20":{"start":{"line":31,"column":0},"end":{"line":31,"column":33}},"21":{"start":{"line":32,"column":0},"end":{"line":32,"column":35}},"22":{"start":{"line":34,"column":0},"end":{"line":36,"column":3}},"23":{"start":{"line":35,"column":2},"end":{"line":35,"column":26}}},"fnMap":{"0":{"name":"(anonymous_1)","decl":{"start":{"line":18,"column":19},"end":{"line":18,"column":22}},"loc":{"start":{"line":18,"column":24},"end":{"line":20,"column":3}}},"1":{"name":"(anonymous_2)","decl":{"start":{"line":34,"column":13},"end":{"line":34,"column":14}},"loc":{"start":{"line":34,"column":45},"end":{"line":36,"column":1}}}},"branchMap":{"0":{"loc":{"start":{"line":14,"column":13},"end":{"line":14,"column":37}},"type":"binary-expr","locations":[{"start":{"line":14,"column":13},"end":{"line":14,"column":29}},{"start":{"line":14,"column":33},"end":{"line":14,"column":37}}]},"1":{"loc":{"start":{"line":15,"column":0},"end":{"line":21,"column":1}},"type":"if","locations":[{"start":{"line":15,"column":0},"end":{"line":21,"column":1}}]}},"s":{"0":1,"1":1,"2":1,"3":1,"4":1,"5":1,"6":1,"7":1,"8":1,"9":1,"10":1,"11":1,"12":0,"13":0,"14":0,"15":0,"16":1,"17":1,"18":1,"19":1,"20":1,"21":1,"22":1,"23":0},"f":{"0":0,"1":0},"b":{"0":[1,1],"1":[0]}}
,"C:\\Projects\\e-commerce full stack\\backend\\src\\config\\cloudinary.ts": {"path":"C:\\Projects\\e-commerce full stack\\backend\\src\\config\\cloudinary.ts","statementMap":{"0":{"start":{"line":1,"column":0},"end":{"line":1,"column":46}},"1":{"start":{"line":3,"column":26},"end":{"line":9,"column":1}},"2":{"start":{"line":4,"column":2},"end":{"line":8,"column":5}},"3":{"start":{"line":11,"column":0},"end":{"line":11,"column":33}}},"fnMap":{"0":{"name":"(anonymous_0)","decl":{"start":{"line":3,"column":26},"end":{"line":3,"column":29}},"loc":{"start":{"line":3,"column":31},"end":{"line":9,"column":1}}}},"branchMap":{},"s":{"0":1,"1":1,"2":0,"3":1},"f":{"0":0},"b":{}}
,"C:\\Projects\\e-commerce full stack\\backend\\src\\config\\mongodb.ts": {"path":"C:\\Projects\\e-commerce full stack\\backend\\src\\config\\mongodb.ts","statementMap":{"0":{"start":{"line":1,"column":0},"end":{"line":1,"column":32}},"1":{"start":{"line":3,"column":18},"end":{"line":9,"column":2}},"2":{"start":{"line":3,"column":29},"end":{"line":9,"column":2}},"3":{"start":{"line":5,"column":2},"end":{"line":7,"column":5}},"4":{"start":{"line":6,"column":4},"end":{"line":6,"column":32}},"5":{"start":{"line":8,"column":2},"end":{"line":8,"column":66}},"6":{"start":{"line":11,"column":0},"end":{"line":11,"column":25}}},"fnMap":{"0":{"name":"(anonymous_8)","decl":{"start":{"line":3,"column":18},"end":{"line":3,"column":27}},"loc":{"start":{"line":3,"column":29},"end":{"line":9,"column":2}}},"1":{"name":"(anonymous_9)","decl":{"start":{"line":3,"column":29},"end":{"line":3,"column":null}},"loc":{"start":{"line":3,"column":29},"end":{"line":9,"column":1}}},"2":{"name":"(anonymous_10)","decl":{"start":{"line":5,"column":38},"end":{"line":5,"column":41}},"loc":{"start":{"line":5,"column":43},"end":{"line":7,"column":3}}}},"branchMap":{},"s":{"0":1,"1":1,"2":0,"3":0,"4":0,"5":0,"6":1},"f":{"0":0,"1":0,"2":0},"b":{}}
,"C:\\Projects\\e-commerce full stack\\backend\\src\\controllers\\cartController.ts": {"path":"C:\\Projects\\e-commerce full stack\\backend\\src\\controllers\\cartController.ts","statementMap":{"0":{"start":{"line":4,"column":0},"end":{"line":4,"column":44}},"1":{"start":{"line":6,"column":25},"end":{"line":34,"column":2}},"2":{"start":{"line":6,"column":63},"end":{"line":34,"column":2}},"3":{"start":{"line":7,"column":2},"end":{"line":33,"column":3}},"4":{"start":{"line":8,"column":37},"end":{"line":8,"column":45}},"5":{"start":{"line":9,"column":4},"end":{"line":12,"column":5}},"6":{"start":{"line":10,"column":6},"end":{"line":10,"column":80}},"7":{"start":{"line":11,"column":6},"end":{"line":11,"column":13}},"8":{"start":{"line":13,"column":19},"end":{"line":13,"column":51}},"9":{"start":{"line":14,"column":19},"end":{"line":14,"column":42}},"10":{"start":{"line":15,"column":4},"end":{"line":25,"column":5}},"11":{"start":{"line":16,"column":6},"end":{"line":21,"column":7}},"12":{"start":{"line":18,"column":8},"end":{"line":18,"column":60}},"13":{"start":{"line":20,"column":8},"end":{"line":20,"column":35}},"14":{"start":{"line":23,"column":6},"end":{"line":23,"column":28}},"15":{"start":{"line":24,"column":6},"end":{"line":24,"column":33}},"16":{"start":{"line":27,"column":4},"end":{"line":27,"column":60}},"17":{"start":{"line":29,"column":4},"end":{"line":29,"column":59}},"18":{"start":{"line":31,"column":4},"end":{"line":31,"column":23}},"19":{"start":{"line":32,"column":4},"end":{"line":32,"column":67}},"20":{"start":{"line":6,"column":13},"end":{"line":6,"column":25}},"21":{"start":{"line":38,"column":26},"end":{"line":55,"column":2}},"22":{"start":{"line":38,"column":64},"end":{"line":55,"column":2}},"23":{"start":{"line":39,"column":2},"end":{"line":54,"column":3}},"24":{"start":{"line":40,"column":47},"end":{"line":40,"column":55}},"25":{"start":{"line":41,"column":4},"end":{"line":44,"column":5}},"26":{"start":{"line":42,"column":6},"end":{"line":42,"column":76}},"27":{"start":{"line":43,"column":6},"end":{"line":43,"column":13}},"28":{"start":{"line":45,"column":19},"end":{"line":45,"column":51}},"29":{"start":{"line":46,"column":19},"end":{"line":46,"column":42}},"30":{"start":{"line":48,"column":4},"end":{"line":48,"column":38}},"31":{"start":{"line":49,"column":4},"end":{"line":49,"column":60}},"32":{"start":{"line":50,"column":4},"end":{"line":50,"column":58}},"33":{"start":{"line":52,"column":4},"end":{"line":52,"column":23}},"34":{"start":{"line":53,"column":4},"end":{"line":53,"column":67}},"35":{"start":{"line":38,"column":13},"end":{"line":38,"column":26}},"36":{"start":{"line":59,"column":27},"end":{"line":69,"column":2}},"37":{"start":{"line":59,"column":65},"end":{"line":69,"column":2}},"38":{"start":{"line":60,"column":2},"end":{"line":68,"column":3}},"39":{"start":{"line":61,"column":23},"end":{"line":61,"column":31}},"40":{"start":{"line":62,"column":19},"end":{"line":62,"column":51}},"41":{"start":{"line":63,"column":19},"end":{"line":63,"column":42}},"42":{"start":{"line":64,"column":4},"end":{"line":64,"column":42}},"43":{"start":{"line":66,"column":4},"end":{"line":66,"column":23}},"44":{"start":{"line":67,"column":4},"end":{"line":67,"column":67}},"45":{"start":{"line":59,"column":13},"end":{"line":59,"column":27}}},"fnMap":{"0":{"name":"(anonymous_8)","decl":{"start":{"line":6,"column":25},"end":{"line":6,"column":32}},"loc":{"start":{"line":6,"column":63},"end":{"line":34,"column":2}}},"1":{"name":"(anonymous_9)","decl":{"start":{"line":6,"column":63},"end":{"line":6,"column":null}},"loc":{"start":{"line":6,"column":63},"end":{"line":34,"column":1}}},"2":{"name":"(anonymous_10)","decl":{"start":{"line":38,"column":26},"end":{"line":38,"column":33}},"loc":{"start":{"line":38,"column":64},"end":{"line":55,"column":2}}},"3":{"name":"(anonymous_11)","decl":{"start":{"line":38,"column":64},"end":{"line":38,"column":null}},"loc":{"start":{"line":38,"column":64},"end":{"line":55,"column":1}}},"4":{"name":"(anonymous_12)","decl":{"start":{"line":59,"column":27},"end":{"line":59,"column":34}},"loc":{"start":{"line":59,"column":65},"end":{"line":69,"column":2}}},"5":{"name":"(anonymous_13)","decl":{"start":{"line":59,"column":65},"end":{"line":59,"column":null}},"loc":{"start":{"line":59,"column":65},"end":{"line":69,"column":1}}}},"branchMap":{"0":{"loc":{"start":{"line":9,"column":4},"end":{"line":12,"column":5}},"type":"if","locations":[{"start":{"line":9,"column":4},"end":{"line":12,"column":5}}]},"1":{"loc":{"start":{"line":9,"column":8},"end":{"line":9,"column":35}},"type":"binary-expr","locations":[{"start":{"line":9,"column":8},"end":{"line":9,"column":15}},{"start":{"line":9,"column":19},"end":{"line":9,"column":26}},{"start":{"line":9,"column":30},"end":{"line":9,"column":35}}]},"2":{"loc":{"start":{"line":15,"column":4},"end":{"line":25,"column":5}},"type":"if","locations":[{"start":{"line":15,"column":4},"end":{"line":25,"column":5}},{"start":{"line":22,"column":11},"end":{"line":25,"column":5}}]},"3":{"loc":{"start":{"line":16,"column":6},"end":{"line":21,"column":7}},"type":"if","locations":[{"start":{"line":16,"column":6},"end":{"line":21,"column":7}},{"start":{"line":19,"column":13},"end":{"line":21,"column":7}}]},"4":{"loc":{"start":{"line":41,"column":4},"end":{"line":44,"column":5}},"type":"if","locations":[{"start":{"line":41,"column":4},"end":{"line":44,"column":5}}]}},"s":{"0":1,"1":1,"2":0,"3":0,"4":0,"5":0,"6":0,"7":0,"8":0,"9":0,"10":0,"11":0,"12":0,"13":0,"14":0,"15":0,"16":0,"17":0,"18":0,"19":0,"20":1,"21":1,"22":0,"23":0,"24":0,"25":0,"26":0,"27":0,"28":0,"29":0,"30":0,"31":0,"32":0,"33":0,"34":0,"35":1,"36":1,"37":0,"38":0,"39":0,"40":0,"41":0,"42":0,"43":0,"44":0,"45":1},"f":{"0":0,"1":0,"2":0,"3":0,"4":0,"5":0},"b":{"0":[0],"1":[0,0,0],"2":[0,0],"3":[0,0],"4":[0]}}
,"C:\\Projects\\e-commerce full stack\\backend\\src\\controllers\\orderController.ts": {"path":"C:\\Projects\\e-commerce full stack\\backend\\src\\controllers\\orderController.ts","statementMap":{"0":{"start":{"line":2,"column":0},"end":{"line":2,"column":46}},"1":{"start":{"line":3,"column":0},"end":{"line":3,"column":44}},"2":{"start":{"line":4,"column":0},"end":{"line":4,"column":28}},"3":{"start":{"line":5,"column":0},"end":{"line":5,"column":32}},"4":{"start":{"line":8,"column":23},"end":{"line":8,"column":25}},"5":{"start":{"line":9,"column":17},"end":{"line":9,"column":22}},"6":{"start":{"line":13,"column":0},"end":{"line":15,"column":1}},"7":{"start":{"line":14,"column":2},"end":{"line":14,"column":53}},"8":{"start":{"line":17,"column":25},"end":{"line":20,"column":2}},"9":{"start":{"line":24,"column":26},"end":{"line":45,"column":2}},"10":{"start":{"line":24,"column":64},"end":{"line":45,"column":2}},"11":{"start":{"line":25,"column":2},"end":{"line":44,"column":3}},"12":{"start":{"line":26,"column":47},"end":{"line":26,"column":55}},"13":{"start":{"line":27,"column":22},"end":{"line":35,"column":6}},"14":{"start":{"line":37,"column":21},"end":{"line":37,"column":46}},"15":{"start":{"line":38,"column":4},"end":{"line":38,"column":26}},"16":{"start":{"line":39,"column":4},"end":{"line":39,"column":64}},"17":{"start":{"line":40,"column":4},"end":{"line":40,"column":57}},"18":{"start":{"line":42,"column":4},"end":{"line":42,"column":23}},"19":{"start":{"line":43,"column":4},"end":{"line":43,"column":58}},"20":{"start":{"line":24,"column":13},"end":{"line":24,"column":26}},"21":{"start":{"line":49,"column":32},"end":{"line":103,"column":2}},"22":{"start":{"line":49,"column":70},"end":{"line":103,"column":2}},"23":{"start":{"line":50,"column":2},"end":{"line":102,"column":3}},"24":{"start":{"line":51,"column":47},"end":{"line":51,"column":55}},"25":{"start":{"line":52,"column":23},"end":{"line":52,"column":34}},"26":{"start":{"line":53,"column":22},"end":{"line":61,"column":6}},"27":{"start":{"line":63,"column":21},"end":{"line":63,"column":46}},"28":{"start":{"line":64,"column":4},"end":{"line":64,"column":26}},"29":{"start":{"line":66,"column":23},"end":{"line":75,"column":7}},"30":{"start":{"line":66,"column":49},"end":{"line":75,"column":6}},"31":{"start":{"line":77,"column":4},"end":{"line":86,"column":7}},"32":{"start":{"line":88,"column":4},"end":{"line":98,"column":5}},"33":{"start":{"line":89,"column":22},"end":{"line":95,"column":8}},"34":{"start":{"line":97,"column":6},"end":{"line":97,"column":60}},"35":{"start":{"line":100,"column":4},"end":{"line":100,"column":23}},"36":{"start":{"line":101,"column":4},"end":{"line":101,"column":84}},"37":{"start":{"line":49,"column":13},"end":{"line":49,"column":32}},"38":{"start":{"line":107,"column":28},"end":{"line":122,"column":2}},"39":{"start":{"line":107,"column":66},"end":{"line":122,"column":2}},"40":{"start":{"line":108,"column":39},"end":{"line":108,"column":47}},"41":{"start":{"line":109,"column":2},"end":{"line":121,"column":3}},"42":{"start":{"line":110,"column":4},"end":{"line":117,"column":5}},"43":{"start":{"line":111,"column":6},"end":{"line":111,"column":69}},"44":{"start":{"line":112,"column":6},"end":{"line":112,"column":66}},"45":{"start":{"line":113,"column":6},"end":{"line":113,"column":62}},"46":{"start":{"line":115,"column":6},"end":{"line":115,"column":50}},"47":{"start":{"line":116,"column":6},"end":{"line":116,"column":72}},"48":{"start":{"line":119,"column":4},"end":{"line":119,"column":23}},"49":{"start":{"line":120,"column":4},"end":{"line":120,"column":84}},"50":{"start":{"line":107,"column":13},"end":{"line":107,"column":28}},"51":{"start":{"line":126,"column":34},"end":{"line":162,"column":2}},"52":{"start":{"line":126,"column":72},"end":{"line":162,"column":2}},"53":{"start":{"line":127,"column":2},"end":{"line":161,"column":3}},"54":{"start":{"line":128,"column":47},"end":{"line":128,"column":55}},"55":{"start":{"line":129,"column":17},"end":{"line":129,"column":49}},"56":{"start":{"line":131,"column":22},"end":{"line":139,"column":6}},"57":{"start":{"line":141,"column":21},"end":{"line":141,"column":46}},"58":{"start":{"line":142,"column":4},"end":{"line":142,"column":26}},"59":{"start":{"line":144,"column":20},"end":{"line":148,"column":6}},"60":{"start":{"line":150,"column":4},"end":{"line":157,"column":7}},"61":{"start":{"line":151,"column":6},"end":{"line":155,"column":7}},"62":{"start":{"line":152,"column":8},"end":{"line":152,"column":27}},"63":{"start":{"line":153,"column":8},"end":{"line":153,"column":80}},"64":{"start":{"line":154,"column":8},"end":{"line":154,"column":15}},"65":{"start":{"line":156,"column":6},"end":{"line":156,"column":87}},"66":{"start":{"line":159,"column":4},"end":{"line":159,"column":23}},"67":{"start":{"line":160,"column":4},"end":{"line":160,"column":58}},"68":{"start":{"line":126,"column":13},"end":{"line":126,"column":34}},"69":{"start":{"line":166,"column":30},"end":{"line":181,"column":2}},"70":{"start":{"line":166,"column":68},"end":{"line":181,"column":2}},"71":{"start":{"line":167,"column":2},"end":{"line":180,"column":3}},"72":{"start":{"line":168,"column":42},"end":{"line":168,"column":50}},"73":{"start":{"line":169,"column":22},"end":{"line":169,"column":76}},"74":{"start":{"line":170,"column":4},"end":{"line":176,"column":5}},"75":{"start":{"line":171,"column":6},"end":{"line":171,"column":79}},"76":{"start":{"line":172,"column":6},"end":{"line":172,"column":66}},"77":{"start":{"line":173,"column":6},"end":{"line":173,"column":65}},"78":{"start":{"line":175,"column":6},"end":{"line":175,"column":62}},"79":{"start":{"line":178,"column":4},"end":{"line":178,"column":23}},"80":{"start":{"line":179,"column":4},"end":{"line":179,"column":81}},"81":{"start":{"line":166,"column":13},"end":{"line":166,"column":30}},"82":{"start":{"line":185,"column":25},"end":{"line":193,"column":2}},"83":{"start":{"line":185,"column":63},"end":{"line":193,"column":2}},"84":{"start":{"line":186,"column":2},"end":{"line":192,"column":3}},"85":{"start":{"line":187,"column":19},"end":{"line":187,"column":44}},"86":{"start":{"line":188,"column":4},"end":{"line":188,"column":40}},"87":{"start":{"line":190,"column":4},"end":{"line":190,"column":23}},"88":{"start":{"line":191,"column":4},"end":{"line":191,"column":69}},"89":{"start":{"line":185,"column":13},"end":{"line":185,"column":25}},"90":{"start":{"line":197,"column":26},"end":{"line":206,"column":2}},"91":{"start":{"line":197,"column":64},"end":{"line":206,"column":2}},"92":{"start":{"line":198,"column":2},"end":{"line":205,"column":3}},"93":{"start":{"line":199,"column":23},"end":{"line":199,"column":31}},"94":{"start":{"line":200,"column":19},"end":{"line":200,"column":52}},"95":{"start":{"line":201,"column":4},"end":{"line":201,"column":40}},"96":{"start":{"line":203,"column":4},"end":{"line":203,"column":23}},"97":{"start":{"line":204,"column":4},"end":{"line":204,"column":66}},"98":{"start":{"line":197,"column":13},"end":{"line":197,"column":26}},"99":{"start":{"line":210,"column":28},"end":{"line":219,"column":2}},"100":{"start":{"line":210,"column":66},"end":{"line":219,"column":2}},"101":{"start":{"line":211,"column":2},"end":{"line":218,"column":3}},"102":{"start":{"line":212,"column":32},"end":{"line":212,"column":40}},"103":{"start":{"line":213,"column":4},"end":{"line":213,"column":60}},"104":{"start":{"line":214,"column":4},"end":{"line":214,"column":59}},"105":{"start":{"line":216,"column":4},"end":{"line":216,"column":23}},"106":{"start":{"line":217,"column":4},"end":{"line":217,"column":69}},"107":{"start":{"line":210,"column":13},"end":{"line":210,"column":28}}},"fnMap":{"0":{"name":"(anonymous_8)","decl":{"start":{"line":24,"column":26},"end":{"line":24,"column":33}},"loc":{"start":{"line":24,"column":64},"end":{"line":45,"column":2}}},"1":{"name":"(anonymous_9)","decl":{"start":{"line":24,"column":64},"end":{"line":24,"column":null}},"loc":{"start":{"line":24,"column":64},"end":{"line":45,"column":1}}},"2":{"name":"(anonymous_10)","decl":{"start":{"line":49,"column":32},"end":{"line":49,"column":39}},"loc":{"start":{"line":49,"column":70},"end":{"line":103,"column":2}}},"3":{"name":"(anonymous_11)","decl":{"start":{"line":49,"column":70},"end":{"line":49,"column":null}},"loc":{"start":{"line":49,"column":70},"end":{"line":103,"column":1}}},"4":{"name":"(anonymous_12)","decl":{"start":{"line":66,"column":33},"end":{"line":66,"column":34}},"loc":{"start":{"line":66,"column":49},"end":{"line":75,"column":6}}},"5":{"name":"(anonymous_13)","decl":{"start":{"line":107,"column":28},"end":{"line":107,"column":35}},"loc":{"start":{"line":107,"column":66},"end":{"line":122,"column":2}}},"6":{"name":"(anonymous_14)","decl":{"start":{"line":107,"column":66},"end":{"line":107,"column":null}},"loc":{"start":{"line":107,"column":66},"end":{"line":122,"column":1}}},"7":{"name":"(anonymous_15)","decl":{"start":{"line":126,"column":34},"end":{"line":126,"column":41}},"loc":{"start":{"line":126,"column":72},"end":{"line":162,"column":2}}},"8":{"name":"(anonymous_16)","decl":{"start":{"line":126,"column":72},"end":{"line":126,"column":null}},"loc":{"start":{"line":126,"column":72},"end":{"line":162,"column":1}}},"9":{"name":"(anonymous_17)","decl":{"start":{"line":150,"column":50},"end":{"line":150,"column":51}},"loc":{"start":{"line":150,"column":67},"end":{"line":157,"column":5}}},"10":{"name":"(anonymous_18)","decl":{"start":{"line":166,"column":30},"end":{"line":166,"column":37}},"loc":{"start":{"line":166,"column":68},"end":{"line":181,"column":2}}},"11":{"name":"(anonymous_19)","decl":{"start":{"line":166,"column":68},"end":{"line":166,"column":null}},"loc":{"start":{"line":166,"column":68},"end":{"line":181,"column":1}}},"12":{"name":"(anonymous_20)","decl":{"start":{"line":185,"column":25},"end":{"line":185,"column":32}},"loc":{"start":{"line":185,"column":63},"end":{"line":193,"column":2}}},"13":{"name":"(anonymous_21)","decl":{"start":{"line":185,"column":63},"end":{"line":185,"column":null}},"loc":{"start":{"line":185,"column":63},"end":{"line":193,"column":1}}},"14":{"name":"(anonymous_22)","decl":{"start":{"line":197,"column":26},"end":{"line":197,"column":33}},"loc":{"start":{"line":197,"column":64},"end":{"line":206,"column":2}}},"15":{"name":"(anonymous_23)","decl":{"start":{"line":197,"column":64},"end":{"line":197,"column":null}},"loc":{"start":{"line":197,"column":64},"end":{"line":206,"column":1}}},"16":{"name":"(anonymous_24)","decl":{"start":{"line":210,"column":28},"end":{"line":210,"column":35}},"loc":{"start":{"line":210,"column":66},"end":{"line":219,"column":2}}},"17":{"name":"(anonymous_25)","decl":{"start":{"line":210,"column":66},"end":{"line":210,"column":null}},"loc":{"start":{"line":210,"column":66},"end":{"line":219,"column":1}}}},"branchMap":{"0":{"loc":{"start":{"line":13,"column":0},"end":{"line":15,"column":1}},"type":"if","locations":[{"start":{"line":13,"column":0},"end":{"line":15,"column":1}}]},"1":{"loc":{"start":{"line":88,"column":4},"end":{"line":98,"column":5}},"type":"if","locations":[{"start":{"line":88,"column":4},"end":{"line":98,"column":5}}]},"2":{"loc":{"start":{"line":110,"column":4},"end":{"line":117,"column":5}},"type":"if","locations":[{"start":{"line":110,"column":4},"end":{"line":117,"column":5}},{"start":{"line":114,"column":11},"end":{"line":117,"column":5}}]},"3":{"loc":{"start":{"line":151,"column":6},"end":{"line":155,"column":7}},"type":"if","locations":[{"start":{"line":151,"column":6},"end":{"line":155,"column":7}}]},"4":{"loc":{"start":{"line":170,"column":4},"end":{"line":176,"column":5}},"type":"if","locations":[{"start":{"line":170,"column":4},"end":{"line":176,"column":5}},{"start":{"line":174,"column":11},"end":{"line":176,"column":5}}]}},"s":{"0":1,"1":1,"2":1,"3":1,"4":1,"5":1,"6":1,"7":1,"8":1,"9":1,"10":1,"11":1,"12":1,"13":1,"14":1,"15":1,"16":1,"17":1,"18":0,"19":0,"20":1,"21":1,"22":0,"23":0,"24":0,"25":0,"26":0,"27":0,"28":0,"29":0,"30":0,"31":0,"32":0,"33":0,"34":0,"35":0,"36":0,"37":1,"38":1,"39":1,"40":1,"41":1,"42":1,"43":1,"44":1,"45":1,"46":0,"47":0,"48":0,"49":0,"50":1,"51":1,"52":0,"53":0,"54":0,"55":0,"56":0,"57":0,"58":0,"59":0,"60":0,"61":0,"62":0,"63":0,"64":0,"65":0,"66":0,"67":0,"68":1,"69":1,"70":1,"71":1,"72":1,"73":1,"74":0,"75":0,"76":0,"77":0,"78":0,"79":1,"80":1,"81":1,"82":1,"83":1,"84":1,"85":1,"86":1,"87":0,"88":0,"89":1,"90":1,"91":1,"92":1,"93":1,"94":1,"95":1,"96":0,"97":0,"98":1,"99":1,"100":1,"101":1,"102":1,"103":1,"104":1,"105":0,"106":0,"107":1},"f":{"0":1,"1":1,"2":0,"3":0,"4":0,"5":1,"6":1,"7":0,"8":0,"9":0,"10":1,"11":1,"12":1,"13":1,"14":1,"15":1,"16":1,"17":1},"b":{"0":[1],"1":[0],"2":[1,0],"3":[0],"4":[0,0]}}
,"C:\\Projects\\e-commerce full stack\\backend\\src\\controllers\\productController.ts": {"path":"C:\\Projects\\e-commerce full stack\\backend\\src\\controllers\\productController.ts","statementMap":{"0":{"start":{"line":2,"column":0},"end":{"line":2,"column":46}},"1":{"start":{"line":3,"column":0},"end":{"line":3,"column":50}},"2":{"start":{"line":10,"column":42},"end":{"line":59,"column":2}},"3":{"start":{"line":10,"column":80},"end":{"line":59,"column":2}},"4":{"start":{"line":11,"column":2},"end":{"line":58,"column":3}},"5":{"start":{"line":12,"column":83},"end":{"line":12,"column":91}},"6":{"start":{"line":15,"column":4},"end":{"line":18,"column":5}},"7":{"start":{"line":16,"column":6},"end":{"line":16,"column":84}},"8":{"start":{"line":17,"column":6},"end":{"line":17,"column":13}},"9":{"start":{"line":20,"column":18},"end":{"line":20,"column":41}},"10":{"start":{"line":22,"column":19},"end":{"line":22,"column":50}},"11":{"start":{"line":23,"column":19},"end":{"line":23,"column":50}},"12":{"start":{"line":24,"column":19},"end":{"line":24,"column":50}},"13":{"start":{"line":25,"column":19},"end":{"line":25,"column":50}},"14":{"start":{"line":27,"column":19},"end":{"line":27,"column":88}},"15":{"start":{"line":27,"column":69},"end":{"line":27,"column":87}},"16":{"start":{"line":29,"column":20},"end":{"line":33,"column":null}},"17":{"start":{"line":30,"column":32},"end":{"line":33,"column":8}},"18":{"start":{"line":31,"column":21},"end":{"line":31,"column":92}},"19":{"start":{"line":32,"column":8},"end":{"line":32,"column":33}},"20":{"start":{"line":36,"column":24},"end":{"line":46,"column":6}},"21":{"start":{"line":48,"column":20},"end":{"line":48,"column":49}},"22":{"start":{"line":51,"column":4},"end":{"line":51,"column":25}},"23":{"start":{"line":54,"column":4},"end":{"line":54,"column":58}},"24":{"start":{"line":56,"column":4},"end":{"line":56,"column":23}},"25":{"start":{"line":57,"column":4},"end":{"line":57,"column":103}},"26":{"start":{"line":10,"column":13},"end":{"line":10,"column":42}},"27":{"start":{"line":62,"column":45},"end":{"line":75,"column":2}},"28":{"start":{"line":62,"column":83},"end":{"line":75,"column":2}},"29":{"start":{"line":63,"column":2},"end":{"line":74,"column":3}},"30":{"start":{"line":64,"column":20},"end":{"line":64,"column":60}},"31":{"start":{"line":65,"column":4},"end":{"line":68,"column":5}},"32":{"start":{"line":66,"column":6},"end":{"line":66,"column":78}},"33":{"start":{"line":67,"column":6},"end":{"line":67,"column":13}},"34":{"start":{"line":69,"column":4},"end":{"line":69,"column":54}},"35":{"start":{"line":70,"column":4},"end":{"line":70,"column":60}},"36":{"start":{"line":72,"column":4},"end":{"line":72,"column":23}},"37":{"start":{"line":73,"column":4},"end":{"line":73,"column":103}},"38":{"start":{"line":62,"column":13},"end":{"line":62,"column":45}},"39":{"start":{"line":78,"column":43},"end":{"line":87,"column":2}},"40":{"start":{"line":78,"column":81},"end":{"line":87,"column":2}},"41":{"start":{"line":79,"column":2},"end":{"line":86,"column":3}},"42":{"start":{"line":81,"column":21},"end":{"line":81,"column":48}},"43":{"start":{"line":82,"column":4},"end":{"line":82,"column":42}},"44":{"start":{"line":84,"column":4},"end":{"line":84,"column":23}},"45":{"start":{"line":85,"column":4},"end":{"line":85,"column":103}},"46":{"start":{"line":78,"column":13},"end":{"line":78,"column":43}},"47":{"start":{"line":90,"column":45},"end":{"line":111,"column":2}},"48":{"start":{"line":90,"column":83},"end":{"line":111,"column":2}},"49":{"start":{"line":91,"column":2},"end":{"line":110,"column":3}},"50":{"start":{"line":92,"column":26},"end":{"line":92,"column":34}},"51":{"start":{"line":93,"column":4},"end":{"line":96,"column":5}},"52":{"start":{"line":94,"column":6},"end":{"line":94,"column":83}},"53":{"start":{"line":95,"column":6},"end":{"line":95,"column":13}},"54":{"start":{"line":98,"column":20},"end":{"line":98,"column":58}},"55":{"start":{"line":101,"column":4},"end":{"line":104,"column":5}},"56":{"start":{"line":102,"column":6},"end":{"line":102,"column":78}},"57":{"start":{"line":103,"column":6},"end":{"line":103,"column":13}},"58":{"start":{"line":106,"column":4},"end":{"line":106,"column":41}},"59":{"start":{"line":108,"column":4},"end":{"line":108,"column":23}},"60":{"start":{"line":109,"column":4},"end":{"line":109,"column":103}},"61":{"start":{"line":90,"column":13},"end":{"line":90,"column":45}}},"fnMap":{"0":{"name":"(anonymous_8)","decl":{"start":{"line":10,"column":42},"end":{"line":10,"column":49}},"loc":{"start":{"line":10,"column":80},"end":{"line":59,"column":2}}},"1":{"name":"(anonymous_9)","decl":{"start":{"line":10,"column":80},"end":{"line":10,"column":null}},"loc":{"start":{"line":10,"column":80},"end":{"line":59,"column":1}}},"2":{"name":"(anonymous_10)","decl":{"start":{"line":27,"column":59},"end":{"line":27,"column":60}},"loc":{"start":{"line":27,"column":69},"end":{"line":27,"column":87}}},"3":{"name":"(anonymous_11)","decl":{"start":{"line":30,"column":17},"end":{"line":30,"column":24}},"loc":{"start":{"line":30,"column":32},"end":{"line":33,"column":8}}},"4":{"name":"(anonymous_12)","decl":{"start":{"line":30,"column":32},"end":{"line":30,"column":null}},"loc":{"start":{"line":30,"column":32},"end":{"line":33,"column":7}}},"5":{"name":"(anonymous_13)","decl":{"start":{"line":62,"column":45},"end":{"line":62,"column":52}},"loc":{"start":{"line":62,"column":83},"end":{"line":75,"column":2}}},"6":{"name":"(anonymous_14)","decl":{"start":{"line":62,"column":83},"end":{"line":62,"column":null}},"loc":{"start":{"line":62,"column":83},"end":{"line":75,"column":1}}},"7":{"name":"(anonymous_15)","decl":{"start":{"line":78,"column":43},"end":{"line":78,"column":50}},"loc":{"start":{"line":78,"column":81},"end":{"line":87,"column":2}}},"8":{"name":"(anonymous_16)","decl":{"start":{"line":78,"column":81},"end":{"line":78,"column":null}},"loc":{"start":{"line":78,"column":81},"end":{"line":87,"column":1}}},"9":{"name":"(anonymous_17)","decl":{"start":{"line":90,"column":45},"end":{"line":90,"column":52}},"loc":{"start":{"line":90,"column":83},"end":{"line":111,"column":2}}},"10":{"name":"(anonymous_18)","decl":{"start":{"line":90,"column":83},"end":{"line":90,"column":null}},"loc":{"start":{"line":90,"column":83},"end":{"line":111,"column":1}}}},"branchMap":{"0":{"loc":{"start":{"line":15,"column":4},"end":{"line":18,"column":5}},"type":"if","locations":[{"start":{"line":15,"column":4},"end":{"line":18,"column":5}}]},"1":{"loc":{"start":{"line":15,"column":8},"end":{"line":15,"column":78}},"type":"binary-expr","locations":[{"start":{"line":15,"column":8},"end":{"line":15,"column":13}},{"start":{"line":15,"column":17},"end":{"line":15,"column":29}},{"start":{"line":15,"column":33},"end":{"line":15,"column":39}},{"start":{"line":15,"column":43},"end":{"line":15,"column":52}},{"start":{"line":15,"column":56},"end":{"line":15,"column":68}},{"start":{"line":15,"column":72},"end":{"line":15,"column":78}}]},"2":{"loc":{"start":{"line":22,"column":19},"end":{"line":22,"column":50}},"type":"binary-expr","locations":[{"start":{"line":22,"column":19},"end":{"line":22,"column":31}},{"start":{"line":22,"column":35},"end":{"line":22,"column":50}}]},"3":{"loc":{"start":{"line":23,"column":19},"end":{"line":23,"column":50}},"type":"binary-expr","locations":[{"start":{"line":23,"column":19},"end":{"line":23,"column":31}},{"start":{"line":23,"column":35},"end":{"line":23,"column":50}}]},"4":{"loc":{"start":{"line":24,"column":19},"end":{"line":24,"column":50}},"type":"binary-expr","locations":[{"start":{"line":24,"column":19},"end":{"line":24,"column":31}},{"start":{"line":24,"column":35},"end":{"line":24,"column":50}}]},"5":{"loc":{"start":{"line":25,"column":19},"end":{"line":25,"column":50}},"type":"binary-expr","locations":[{"start":{"line":25,"column":19},"end":{"line":25,"column":31}},{"start":{"line":25,"column":35},"end":{"line":25,"column":50}}]},"6":{"loc":{"start":{"line":42,"column":18},"end":{"line":42,"column":54}},"type":"cond-expr","locations":[{"start":{"line":42,"column":42},"end":{"line":42,"column":46}},{"start":{"line":42,"column":49},"end":{"line":42,"column":54}}]},"7":{"loc":{"start":{"line":57,"column":4},"end":{"line":57,"column":102}},"type":"cond-expr","locations":[{"start":{"line":57,"column":29},"end":{"line":57,"column":81}},{"start":{"line":57,"column":84},"end":{"line":57,"column":102}}]},"8":{"loc":{"start":{"line":65,"column":4},"end":{"line":68,"column":5}},"type":"if","locations":[{"start":{"line":65,"column":4},"end":{"line":68,"column":5}}]},"9":{"loc":{"start":{"line":73,"column":4},"end":{"line":73,"column":102}},"type":"cond-expr","locations":[{"start":{"line":73,"column":29},"end":{"line":73,"column":81}},{"start":{"line":73,"column":84},"end":{"line":73,"column":102}}]},"10":{"loc":{"start":{"line":85,"column":4},"end":{"line":85,"column":102}},"type":"cond-expr","locations":[{"start":{"line":85,"column":29},"end":{"line":85,"column":81}},{"start":{"line":85,"column":84},"end":{"line":85,"column":102}}]},"11":{"loc":{"start":{"line":93,"column":4},"end":{"line":96,"column":5}},"type":"if","locations":[{"start":{"line":93,"column":4},"end":{"line":96,"column":5}}]},"12":{"loc":{"start":{"line":101,"column":4},"end":{"line":104,"column":5}},"type":"if","locations":[{"start":{"line":101,"column":4},"end":{"line":104,"column":5}}]},"13":{"loc":{"start":{"line":109,"column":4},"end":{"line":109,"column":102}},"type":"cond-expr","locations":[{"start":{"line":109,"column":29},"end":{"line":109,"column":81}},{"start":{"line":109,"column":84},"end":{"line":109,"column":102}}]}},"s":{"0":1,"1":1,"2":1,"3":0,"4":0,"5":0,"6":0,"7":0,"8":0,"9":0,"10":0,"11":0,"12":0,"13":0,"14":0,"15":0,"16":0,"17":0,"18":0,"19":0,"20":0,"21":0,"22":0,"23":0,"24":0,"25":0,"26":1,"27":1,"28":0,"29":0,"30":0,"31":0,"32":0,"33":0,"34":0,"35":0,"36":0,"37":0,"38":1,"39":1,"40":0,"41":0,"42":0,"43":0,"44":0,"45":0,"46":1,"47":1,"48":0,"49":0,"50":0,"51":0,"52":0,"53":0,"54":0,"55":0,"56":0,"57":0,"58":0,"59":0,"60":0,"61":1},"f":{"0":0,"1":0,"2":0,"3":0,"4":0,"5":0,"6":0,"7":0,"8":0,"9":0,"10":0},"b":{"0":[0],"1":[0,0,0,0,0,0],"2":[0,0],"3":[0,0],"4":[0,0],"5":[0,0],"6":[0,0],"7":[0,0],"8":[0],"9":[0,0],"10":[0,0],"11":[0],"12":[0],"13":[0,0]}}
,"C:\\Projects\\e-commerce full stack\\backend\\src\\controllers\\userController.ts": {"path":"C:\\Projects\\e-commerce full stack\\backend\\src\\controllers\\userController.ts","statementMap":{"0":{"start":{"line":2,"column":0},"end":{"line":2,"column":44}},"1":{"start":{"line":3,"column":0},"end":{"line":3,"column":34}},"2":{"start":{"line":4,"column":0},"end":{"line":4,"column":28}},"3":{"start":{"line":5,"column":0},"end":{"line":5,"column":31}},"4":{"start":{"line":8,"column":20},"end":{"line":13,"column":1}},"5":{"start":{"line":9,"column":2},"end":{"line":11,"column":3}},"6":{"start":{"line":10,"column":4},"end":{"line":10,"column":49}},"7":{"start":{"line":12,"column":2},"end":{"line":12,"column":50}},"8":{"start":{"line":16,"column":34},"end":{"line":39,"column":2}},"9":{"start":{"line":16,"column":72},"end":{"line":39,"column":2}},"10":{"start":{"line":17,"column":2},"end":{"line":38,"column":3}},"11":{"start":{"line":18,"column":32},"end":{"line":18,"column":40}},"12":{"start":{"line":19,"column":17},"end":{"line":19,"column":51}},"13":{"start":{"line":21,"column":4},"end":{"line":24,"column":5}},"14":{"start":{"line":22,"column":6},"end":{"line":22,"column":66}},"15":{"start":{"line":23,"column":6},"end":{"line":23,"column":13}},"16":{"start":{"line":26,"column":20},"end":{"line":26,"column":65}},"17":{"start":{"line":28,"column":4},"end":{"line":33,"column":5}},"18":{"start":{"line":29,"column":20},"end":{"line":29,"column":41}},"19":{"start":{"line":30,"column":6},"end":{"line":30,"column":41}},"20":{"start":{"line":32,"column":6},"end":{"line":32,"column":67}},"21":{"start":{"line":35,"column":4},"end":{"line":35,"column":23}},"22":{"start":{"line":36,"column":25},"end":{"line":36,"column":93}},"23":{"start":{"line":37,"column":4},"end":{"line":37,"column":68}},"24":{"start":{"line":106,"column":9},"end":{"line":106,"column":18}},"25":{"start":{"line":42,"column":37},"end":{"line":83,"column":2}},"26":{"start":{"line":42,"column":90},"end":{"line":83,"column":2}},"27":{"start":{"line":43,"column":2},"end":{"line":82,"column":3}},"28":{"start":{"line":44,"column":38},"end":{"line":44,"column":46}},"29":{"start":{"line":47,"column":19},"end":{"line":47,"column":53}},"30":{"start":{"line":48,"column":4},"end":{"line":51,"column":5}},"31":{"start":{"line":49,"column":6},"end":{"line":49,"column":67}},"32":{"start":{"line":50,"column":6},"end":{"line":50,"column":13}},"33":{"start":{"line":54,"column":4},"end":{"line":57,"column":5}},"34":{"start":{"line":55,"column":6},"end":{"line":55,"column":74}},"35":{"start":{"line":56,"column":6},"end":{"line":56,"column":13}},"36":{"start":{"line":58,"column":4},"end":{"line":61,"column":5}},"37":{"start":{"line":59,"column":6},"end":{"line":59,"column":78}},"38":{"start":{"line":60,"column":6},"end":{"line":60,"column":13}},"39":{"start":{"line":65,"column":17},"end":{"line":65,"column":41}},"40":{"start":{"line":66,"column":27},"end":{"line":66,"column":60}},"41":{"start":{"line":68,"column":20},"end":{"line":72,"column":6}},"42":{"start":{"line":74,"column":17},"end":{"line":74,"column":37}},"43":{"start":{"line":76,"column":18},"end":{"line":76,"column":39}},"44":{"start":{"line":77,"column":4},"end":{"line":77,"column":39}},"45":{"start":{"line":79,"column":4},"end":{"line":79,"column":23}},"46":{"start":{"line":80,"column":25},"end":{"line":80,"column":93}},"47":{"start":{"line":81,"column":4},"end":{"line":81,"column":68}},"48":{"start":{"line":106,"column":20},"end":{"line":106,"column":32}},"49":{"start":{"line":86,"column":35},"end":{"line":104,"column":2}},"50":{"start":{"line":86,"column":73},"end":{"line":104,"column":2}},"51":{"start":{"line":87,"column":2},"end":{"line":103,"column":3}},"52":{"start":{"line":88,"column":32},"end":{"line":88,"column":40}},"53":{"start":{"line":90,"column":4},"end":{"line":98,"column":5}},"54":{"start":{"line":91,"column":6},"end":{"line":93,"column":7}},"55":{"start":{"line":92,"column":8},"end":{"line":92,"column":53}},"56":{"start":{"line":94,"column":20},"end":{"line":94,"column":70}},"57":{"start":{"line":95,"column":6},"end":{"line":95,"column":41}},"58":{"start":{"line":97,"column":6},"end":{"line":97,"column":67}},"59":{"start":{"line":100,"column":4},"end":{"line":100,"column":23}},"60":{"start":{"line":101,"column":25},"end":{"line":101,"column":93}},"61":{"start":{"line":102,"column":4},"end":{"line":102,"column":68}},"62":{"start":{"line":106,"column":34},"end":{"line":106,"column":44}}},"fnMap":{"0":{"name":"(anonymous_8)","decl":{"start":{"line":8,"column":20},"end":{"line":8,"column":21}},"loc":{"start":{"line":8,"column":37},"end":{"line":13,"column":1}}},"1":{"name":"(anonymous_9)","decl":{"start":{"line":16,"column":34},"end":{"line":16,"column":41}},"loc":{"start":{"line":16,"column":72},"end":{"line":39,"column":2}}},"2":{"name":"(anonymous_10)","decl":{"start":{"line":16,"column":72},"end":{"line":16,"column":null}},"loc":{"start":{"line":16,"column":72},"end":{"line":39,"column":1}}},"3":{"name":"(anonymous_11)","decl":{"start":{"line":42,"column":37},"end":{"line":42,"column":44}},"loc":{"start":{"line":42,"column":90},"end":{"line":83,"column":2}}},"4":{"name":"(anonymous_12)","decl":{"start":{"line":42,"column":90},"end":{"line":42,"column":null}},"loc":{"start":{"line":42,"column":90},"end":{"line":83,"column":1}}},"5":{"name":"(anonymous_13)","decl":{"start":{"line":86,"column":35},"end":{"line":86,"column":42}},"loc":{"start":{"line":86,"column":73},"end":{"line":104,"column":2}}},"6":{"name":"(anonymous_14)","decl":{"start":{"line":86,"column":73},"end":{"line":86,"column":null}},"loc":{"start":{"line":86,"column":73},"end":{"line":104,"column":1}}}},"branchMap":{"0":{"loc":{"start":{"line":9,"column":2},"end":{"line":11,"column":3}},"type":"if","locations":[{"start":{"line":9,"column":2},"end":{"line":11,"column":3}}]},"1":{"loc":{"start":{"line":21,"column":4},"end":{"line":24,"column":5}},"type":"if","locations":[{"start":{"line":21,"column":4},"end":{"line":24,"column":5}}]},"2":{"loc":{"start":{"line":28,"column":4},"end":{"line":33,"column":5}},"type":"if","locations":[{"start":{"line":28,"column":4},"end":{"line":33,"column":5}},{"start":{"line":31,"column":11},"end":{"line":33,"column":5}}]},"3":{"loc":{"start":{"line":36,"column":25},"end":{"line":36,"column":93}},"type":"cond-expr","locations":[{"start":{"line":36,"column":50},"end":{"line":36,"column":63}},{"start":{"line":36,"column":66},"end":{"line":36,"column":93}}]},"4":{"loc":{"start":{"line":48,"column":4},"end":{"line":51,"column":5}},"type":"if","locations":[{"start":{"line":48,"column":4},"end":{"line":51,"column":5}}]},"5":{"loc":{"start":{"line":54,"column":4},"end":{"line":57,"column":5}},"type":"if","locations":[{"start":{"line":54,"column":4},"end":{"line":57,"column":5}}]},"6":{"loc":{"start":{"line":58,"column":4},"end":{"line":61,"column":5}},"type":"if","locations":[{"start":{"line":58,"column":4},"end":{"line":61,"column":5}}]},"7":{"loc":{"start":{"line":80,"column":25},"end":{"line":80,"column":93}},"type":"cond-expr","locations":[{"start":{"line":80,"column":50},"end":{"line":80,"column":63}},{"start":{"line":80,"column":66},"end":{"line":80,"column":93}}]},"8":{"loc":{"start":{"line":90,"column":4},"end":{"line":98,"column":5}},"type":"if","locations":[{"start":{"line":90,"column":4},"end":{"line":98,"column":5}},{"start":{"line":96,"column":11},"end":{"line":98,"column":5}}]},"9":{"loc":{"start":{"line":90,"column":8},"end":{"line":90,"column":84}},"type":"binary-expr","locations":[{"start":{"line":90,"column":8},"end":{"line":90,"column":41}},{"start":{"line":90,"column":45},"end":{"line":90,"column":84}}]},"10":{"loc":{"start":{"line":91,"column":6},"end":{"line":93,"column":7}},"type":"if","locations":[{"start":{"line":91,"column":6},"end":{"line":93,"column":7}}]},"11":{"loc":{"start":{"line":101,"column":25},"end":{"line":101,"column":93}},"type":"cond-expr","locations":[{"start":{"line":101,"column":50},"end":{"line":101,"column":63}},{"start":{"line":101,"column":66},"end":{"line":101,"column":93}}]}},"s":{"0":1,"1":1,"2":1,"3":1,"4":1,"5":0,"6":0,"7":0,"8":1,"9":0,"10":0,"11":0,"12":0,"13":0,"14":0,"15":0,"16":0,"17":0,"18":0,"19":0,"20":0,"21":0,"22":0,"23":0,"24":1,"25":1,"26":0,"27":0,"28":0,"29":0,"30":0,"31":0,"32":0,"33":0,"34":0,"35":0,"36":0,"37":0,"38":0,"39":0,"40":0,"41":0,"42":0,"43":0,"44":0,"45":0,"46":0,"47":0,"48":1,"49":1,"50":0,"51":0,"52":0,"53":0,"54":0,"55":0,"56":0,"57":0,"58":0,"59":0,"60":0,"61":0,"62":1},"f":{"0":0,"1":0,"2":0,"3":0,"4":0,"5":0,"6":0},"b":{"0":[0],"1":[0],"2":[0,0],"3":[0,0],"4":[0],"5":[0],"6":[0],"7":[0,0],"8":[0,0],"9":[0,0],"10":[0],"11":[0,0]}}
,"C:\\Projects\\e-commerce full stack\\backend\\src\\middleware\\adminAuth.ts": {"path":"C:\\Projects\\e-commerce full stack\\backend\\src\\middleware\\adminAuth.ts","statementMap":{"0":{"start":{"line":2,"column":0},"end":{"line":2,"column":31}},"1":{"start":{"line":4,"column":34},"end":{"line":25,"column":2}},"2":{"start":{"line":4,"column":92},"end":{"line":25,"column":2}},"3":{"start":{"line":5,"column":2},"end":{"line":24,"column":3}},"4":{"start":{"line":6,"column":18},"end":{"line":6,"column":93}},"5":{"start":{"line":7,"column":4},"end":{"line":10,"column":5}},"6":{"start":{"line":8,"column":6},"end":{"line":8,"column":63}},"7":{"start":{"line":9,"column":6},"end":{"line":9,"column":13}},"8":{"start":{"line":11,"column":4},"end":{"line":14,"column":5}},"9":{"start":{"line":12,"column":6},"end":{"line":12,"column":64}},"10":{"start":{"line":13,"column":6},"end":{"line":13,"column":13}},"11":{"start":{"line":15,"column":24},"end":{"line":15,"column":75}},"12":{"start":{"line":16,"column":4},"end":{"line":18,"column":5}},"13":{"start":{"line":17,"column":6},"end":{"line":17,"column":75}},"14":{"start":{"line":19,"column":4},"end":{"line":19,"column":11}},"15":{"start":{"line":21,"column":4},"end":{"line":21,"column":23}},"16":{"start":{"line":22,"column":25},"end":{"line":22,"column":93}},"17":{"start":{"line":23,"column":4},"end":{"line":23,"column":68}},"18":{"start":{"line":27,"column":0},"end":{"line":27,"column":25}}},"fnMap":{"0":{"name":"(anonymous_8)","decl":{"start":{"line":4,"column":34},"end":{"line":4,"column":41}},"loc":{"start":{"line":4,"column":92},"end":{"line":25,"column":2}}},"1":{"name":"(anonymous_9)","decl":{"start":{"line":4,"column":92},"end":{"line":4,"column":null}},"loc":{"start":{"line":4,"column":92},"end":{"line":25,"column":1}}}},"branchMap":{"0":{"loc":{"start":{"line":6,"column":18},"end":{"line":6,"column":93}},"type":"cond-expr","locations":[{"start":{"line":6,"column":53},"end":{"line":6,"column":73}},{"start":{"line":6,"column":76},"end":{"line":6,"column":93}}]},"1":{"loc":{"start":{"line":7,"column":4},"end":{"line":10,"column":5}},"type":"if","locations":[{"start":{"line":7,"column":4},"end":{"line":10,"column":5}}]},"2":{"loc":{"start":{"line":11,"column":4},"end":{"line":14,"column":5}},"type":"if","locations":[{"start":{"line":11,"column":4},"end":{"line":14,"column":5}}]},"3":{"loc":{"start":{"line":16,"column":4},"end":{"line":18,"column":5}},"type":"if","locations":[{"start":{"line":16,"column":4},"end":{"line":18,"column":5}}]},"4":{"loc":{"start":{"line":22,"column":25},"end":{"line":22,"column":93}},"type":"cond-expr","locations":[{"start":{"line":22,"column":50},"end":{"line":22,"column":63}},{"start":{"line":22,"column":66},"end":{"line":22,"column":93}}]}},"s":{"0":1,"1":1,"2":2,"3":2,"4":2,"5":2,"6":0,"7":0,"8":2,"9":0,"10":0,"11":2,"12":2,"13":0,"14":2,"15":0,"16":0,"17":0,"18":1},"f":{"0":2,"1":2},"b":{"0":[0,2],"1":[0],"2":[0],"3":[0],"4":[0,0]}}
,"C:\\Projects\\e-commerce full stack\\backend\\src\\middleware\\auth.ts": {"path":"C:\\Projects\\e-commerce full stack\\backend\\src\\middleware\\auth.ts","statementMap":{"0":{"start":{"line":2,"column":0},"end":{"line":2,"column":31}},"1":{"start":{"line":4,"column":24},"end":{"line":20,"column":2}},"2":{"start":{"line":4,"column":82},"end":{"line":20,"column":2}},"3":{"start":{"line":5,"column":20},"end":{"line":5,"column":31}},"4":{"start":{"line":6,"column":2},"end":{"line":9,"column":3}},"5":{"start":{"line":7,"column":4},"end":{"line":7,"column":74}},"6":{"start":{"line":8,"column":4},"end":{"line":8,"column":11}},"7":{"start":{"line":10,"column":2},"end":{"line":19,"column":3}},"8":{"start":{"line":11,"column":4},"end":{"line":15,"column":5}},"9":{"start":{"line":12,"column":27},"end":{"line":12,"column":69}},"10":{"start":{"line":13,"column":6},"end":{"line":13,"column":60}},"11":{"start":{"line":14,"column":6},"end":{"line":14,"column":13}},"12":{"start":{"line":17,"column":4},"end":{"line":17,"column":23}},"13":{"start":{"line":18,"column":4},"end":{"line":18,"column":59}},"14":{"start":{"line":4,"column":13},"end":{"line":4,"column":24}}},"fnMap":{"0":{"name":"(anonymous_8)","decl":{"start":{"line":4,"column":24},"end":{"line":4,"column":31}},"loc":{"start":{"line":4,"column":82},"end":{"line":20,"column":2}}},"1":{"name":"(anonymous_9)","decl":{"start":{"line":4,"column":82},"end":{"line":4,"column":null}},"loc":{"start":{"line":4,"column":82},"end":{"line":20,"column":1}}}},"branchMap":{"0":{"loc":{"start":{"line":6,"column":2},"end":{"line":9,"column":3}},"type":"if","locations":[{"start":{"line":6,"column":2},"end":{"line":9,"column":3}}]},"1":{"loc":{"start":{"line":11,"column":4},"end":{"line":15,"column":5}},"type":"if","locations":[{"start":{"line":11,"column":4},"end":{"line":15,"column":5}}]}},"s":{"0":1,"1":1,"2":4,"3":4,"4":4,"5":0,"6":0,"7":4,"8":4,"9":4,"10":4,"11":4,"12":0,"13":0,"14":1},"f":{"0":4,"1":4},"b":{"0":[0],"1":[4]}}
,"C:\\Projects\\e-commerce full stack\\backend\\src\\middleware\\multer.ts": {"path":"C:\\Projects\\e-commerce full stack\\backend\\src\\middleware\\multer.ts","statementMap":{"0":{"start":{"line":1,"column":0},"end":{"line":1,"column":28}},"1":{"start":{"line":4,"column":16},"end":{"line":8,"column":2}},"2":{"start":{"line":6,"column":4},"end":{"line":6,"column":38}},"3":{"start":{"line":10,"column":15},"end":{"line":10,"column":34}},"4":{"start":{"line":12,"column":0},"end":{"line":12,"column":22}}},"fnMap":{"0":{"name":"(anonymous_1)","decl":{"start":{"line":5,"column":12},"end":{"line":5,"column":22}},"loc":{"start":{"line":5,"column":41},"end":{"line":7,"column":3}}}},"branchMap":{},"s":{"0":1,"1":1,"2":0,"3":1,"4":1},"f":{"0":0},"b":{}}
,"C:\\Projects\\e-commerce full stack\\backend\\src\\models\\orderModel.ts": {"path":"C:\\Projects\\e-commerce full stack\\backend\\src\\models\\orderModel.ts","statementMap":{"0":{"start":{"line":1,"column":0},"end":{"line":1,"column":32}},"1":{"start":{"line":3,"column":20},"end":{"line":12,"column":2}},"2":{"start":{"line":14,"column":19},"end":{"line":14,"column":80}},"3":{"start":{"line":15,"column":0},"end":{"line":15,"column":26}}},"fnMap":{},"branchMap":{"0":{"loc":{"start":{"line":14,"column":19},"end":{"line":14,"column":80}},"type":"binary-expr","locations":[{"start":{"line":14,"column":19},"end":{"line":14,"column":40}},{"start":{"line":14,"column":44},"end":{"line":14,"column":80}}]}},"s":{"0":1,"1":1,"2":1,"3":1},"f":{},"b":{"0":[1,1]}}
,"C:\\Projects\\e-commerce full stack\\backend\\src\\models\\productModel.ts": {"path":"C:\\Projects\\e-commerce full stack\\backend\\src\\models\\productModel.ts","statementMap":{"0":{"start":{"line":1,"column":0},"end":{"line":1,"column":51}},"1":{"start":{"line":3,"column":30},"end":{"line":13,"column":2}},"2":{"start":{"line":15,"column":21},"end":{"line":15,"column":88}},"3":{"start":{"line":17,"column":0},"end":{"line":17,"column":28}}},"fnMap":{},"branchMap":{"0":{"loc":{"start":{"line":15,"column":21},"end":{"line":15,"column":88}},"type":"binary-expr","locations":[{"start":{"line":15,"column":21},"end":{"line":15,"column":44}},{"start":{"line":15,"column":48},"end":{"line":15,"column":88}}]}},"s":{"0":1,"1":1,"2":1,"3":1},"f":{},"b":{"0":[1,1]}}
,"C:\\Projects\\e-commerce full stack\\backend\\src\\models\\userModel.ts": {"path":"C:\\Projects\\e-commerce full stack\\backend\\src\\models\\userModel.ts","statementMap":{"0":{"start":{"line":1,"column":0},"end":{"line":1,"column":44}},"1":{"start":{"line":3,"column":19},"end":{"line":10,"column":null}},"2":{"start":{"line":13,"column":18},"end":{"line":13,"column":76}},"3":{"start":{"line":15,"column":0},"end":{"line":15,"column":null}}},"fnMap":{},"branchMap":{"0":{"loc":{"start":{"line":13,"column":18},"end":{"line":13,"column":76}},"type":"binary-expr","locations":[{"start":{"line":13,"column":18},"end":{"line":13,"column":38}},{"start":{"line":13,"column":42},"end":{"line":13,"column":76}}]}},"s":{"0":1,"1":1,"2":1,"3":1},"f":{},"b":{"0":[1,1]}}
,"C:\\Projects\\e-commerce full stack\\backend\\src\\routes\\cartRoutes.ts": {"path":"C:\\Projects\\e-commerce full stack\\backend\\src\\routes\\cartRoutes.ts","statementMap":{"0":{"start":{"line":1,"column":0},"end":{"line":1,"column":30}},"1":{"start":{"line":2,"column":0},"end":{"line":2,"column":83}},"2":{"start":{"line":3,"column":0},"end":{"line":3,"column":46}},"3":{"start":{"line":5,"column":35},"end":{"line":5,"column":51}},"4":{"start":{"line":7,"column":0},"end":{"line":7,"column":45}},"5":{"start":{"line":8,"column":0},"end":{"line":8,"column":49}},"6":{"start":{"line":9,"column":0},"end":{"line":9,"column":47}},"7":{"start":{"line":11,"column":0},"end":{"line":11,"column":26}}},"fnMap":{},"branchMap":{},"s":{"0":1,"1":1,"2":1,"3":1,"4":1,"5":1,"6":1,"7":1},"f":{},"b":{}}
,"C:\\Projects\\e-commerce full stack\\backend\\src\\routes\\orderRoute.ts": {"path":"C:\\Projects\\e-commerce full stack\\backend\\src\\routes\\orderRoute.ts","statementMap":{"0":{"start":{"line":1,"column":0},"end":{"line":1,"column":30}},"1":{"start":{"line":2,"column":0},"end":{"line":2,"column":165}},"2":{"start":{"line":3,"column":0},"end":{"line":3,"column":48}},"3":{"start":{"line":4,"column":0},"end":{"line":4,"column":46}},"4":{"start":{"line":6,"column":20},"end":{"line":6,"column":36}},"5":{"start":{"line":9,"column":0},"end":{"line":9,"column":48}},"6":{"start":{"line":10,"column":0},"end":{"line":10,"column":53}},"7":{"start":{"line":13,"column":0},"end":{"line":13,"column":49}},"8":{"start":{"line":14,"column":0},"end":{"line":14,"column":56}},"9":{"start":{"line":15,"column":0},"end":{"line":15,"column":60}},"10":{"start":{"line":18,"column":0},"end":{"line":18,"column":54}},"11":{"start":{"line":22,"column":0},"end":{"line":22,"column":58}},"12":{"start":{"line":26,"column":0},"end":{"line":26,"column":62}},"13":{"start":{"line":28,"column":0},"end":{"line":28,"column":27}}},"fnMap":{},"branchMap":{},"s":{"0":1,"1":1,"2":1,"3":1,"4":1,"5":1,"6":1,"7":1,"8":1,"9":1,"10":1,"11":1,"12":1,"13":1},"f":{},"b":{}}
,"C:\\Projects\\e-commerce full stack\\backend\\src\\routes\\productRoute.ts": {"path":"C:\\Projects\\e-commerce full stack\\backend\\src\\routes\\productRoute.ts","statementMap":{"0":{"start":{"line":1,"column":0},"end":{"line":1,"column":30}},"1":{"start":{"line":2,"column":0},"end":{"line":2,"column":105}},"2":{"start":{"line":3,"column":0},"end":{"line":3,"column":42}},"3":{"start":{"line":4,"column":0},"end":{"line":4,"column":48}},"4":{"start":{"line":6,"column":38},"end":{"line":6,"column":54}},"5":{"start":{"line":8,"column":0},"end":{"line":18,"column":2}},"6":{"start":{"line":19,"column":0},"end":{"line":19,"column":56}},"7":{"start":{"line":20,"column":0},"end":{"line":20,"column":45}},"8":{"start":{"line":21,"column":0},"end":{"line":21,"column":40}},"9":{"start":{"line":23,"column":0},"end":{"line":23,"column":29}}},"fnMap":{},"branchMap":{},"s":{"0":1,"1":1,"2":1,"3":1,"4":1,"5":1,"6":1,"7":1,"8":1,"9":1},"f":{},"b":{}}
,"C:\\Projects\\e-commerce full stack\\backend\\src\\routes\\userRoute.ts": {"path":"C:\\Projects\\e-commerce full stack\\backend\\src\\routes\\userRoute.ts","statementMap":{"0":{"start":{"line":1,"column":0},"end":{"line":1,"column":30}},"1":{"start":{"line":2,"column":0},"end":{"line":2,"column":84}},"2":{"start":{"line":4,"column":19},"end":{"line":4,"column":35}},"3":{"start":{"line":6,"column":0},"end":{"line":6,"column":43}},"4":{"start":{"line":7,"column":0},"end":{"line":7,"column":37}},"5":{"start":{"line":8,"column":0},"end":{"line":8,"column":38}},"6":{"start":{"line":10,"column":0},"end":{"line":10,"column":26}}},"fnMap":{},"branchMap":{},"s":{"0":1,"1":1,"2":1,"3":1,"4":1,"5":1,"6":1},"f":{},"b":{}}
}
