TN:
SF:src\server.ts
FN:18,(anonymous_1)
FN:34,(anonymous_2)
FNF:2
FNH:0
FNDA:0,(anonymous_1)
FNDA:0,(anonymous_2)
DA:1,1
DA:2,1
DA:3,1
DA:4,1
DA:5,1
DA:6,1
DA:7,1
DA:8,1
DA:9,1
DA:13,1
DA:14,1
DA:15,1
DA:16,0
DA:17,0
DA:18,0
DA:19,0
DA:25,1
DA:26,1
DA:29,1
DA:30,1
DA:31,1
DA:32,1
DA:34,1
DA:35,0
LF:24
LH:19
BRDA:14,0,0,1
BRDA:14,0,1,1
BRDA:15,1,0,0
BRF:3
BRH:2
end_of_record
TN:
SF:src\config\cloudinary.ts
FN:3,(anonymous_0)
FNF:1
FNH:0
FNDA:0,(anonymous_0)
DA:1,1
DA:3,1
DA:4,0
DA:11,1
LF:4
LH:3
BRF:0
BRH:0
end_of_record
TN:
SF:src\config\mongodb.ts
FN:3,(anonymous_8)
FN:3,(anonymous_9)
FN:5,(anonymous_10)
FNF:3
FNH:0
FNDA:0,(anonymous_8)
FNDA:0,(anonymous_9)
FNDA:0,(anonymous_10)
DA:1,1
DA:3,1
DA:5,0
DA:6,0
DA:8,0
DA:11,1
LF:6
LH:3
BRF:0
BRH:0
end_of_record
TN:
SF:src\controllers\cartController.ts
FN:6,(anonymous_8)
FN:6,(anonymous_9)
FN:38,(anonymous_10)
FN:38,(anonymous_11)
FN:59,(anonymous_12)
FN:59,(anonymous_13)
FNF:6
FNH:0
FNDA:0,(anonymous_8)
FNDA:0,(anonymous_9)
FNDA:0,(anonymous_10)
FNDA:0,(anonymous_11)
FNDA:0,(anonymous_12)
FNDA:0,(anonymous_13)
DA:4,1
DA:6,1
DA:7,0
DA:8,0
DA:9,0
DA:10,0
DA:11,0
DA:13,0
DA:14,0
DA:15,0
DA:16,0
DA:18,0
DA:20,0
DA:23,0
DA:24,0
DA:27,0
DA:29,0
DA:31,0
DA:32,0
DA:38,1
DA:39,0
DA:40,0
DA:41,0
DA:42,0
DA:43,0
DA:45,0
DA:46,0
DA:48,0
DA:49,0
DA:50,0
DA:52,0
DA:53,0
DA:59,1
DA:60,0
DA:61,0
DA:62,0
DA:63,0
DA:64,0
DA:66,0
DA:67,0
LF:40
LH:4
BRDA:9,0,0,0
BRDA:9,1,0,0
BRDA:9,1,1,0
BRDA:9,1,2,0
BRDA:15,2,0,0
BRDA:15,2,1,0
BRDA:16,3,0,0
BRDA:16,3,1,0
BRDA:41,4,0,0
BRF:9
BRH:0
end_of_record
TN:
SF:src\controllers\orderController.ts
FN:24,(anonymous_8)
FN:24,(anonymous_9)
FN:49,(anonymous_10)
FN:49,(anonymous_11)
FN:66,(anonymous_12)
FN:107,(anonymous_13)
FN:107,(anonymous_14)
FN:126,(anonymous_15)
FN:126,(anonymous_16)
FN:150,(anonymous_17)
FN:166,(anonymous_18)
FN:166,(anonymous_19)
FN:185,(anonymous_20)
FN:185,(anonymous_21)
FN:197,(anonymous_22)
FN:197,(anonymous_23)
FN:210,(anonymous_24)
FN:210,(anonymous_25)
FNF:18
FNH:12
FNDA:1,(anonymous_8)
FNDA:1,(anonymous_9)
FNDA:0,(anonymous_10)
FNDA:0,(anonymous_11)
FNDA:0,(anonymous_12)
FNDA:1,(anonymous_13)
FNDA:1,(anonymous_14)
FNDA:0,(anonymous_15)
FNDA:0,(anonymous_16)
FNDA:0,(anonymous_17)
FNDA:1,(anonymous_18)
FNDA:1,(anonymous_19)
FNDA:1,(anonymous_20)
FNDA:1,(anonymous_21)
FNDA:1,(anonymous_22)
FNDA:1,(anonymous_23)
FNDA:1,(anonymous_24)
FNDA:1,(anonymous_25)
DA:2,1
DA:3,1
DA:4,1
DA:5,1
DA:8,1
DA:9,1
DA:13,1
DA:14,1
DA:17,1
DA:24,1
DA:25,1
DA:26,1
DA:27,1
DA:37,1
DA:38,1
DA:39,1
DA:40,1
DA:42,0
DA:43,0
DA:49,1
DA:50,0
DA:51,0
DA:52,0
DA:53,0
DA:63,0
DA:64,0
DA:66,0
DA:77,0
DA:88,0
DA:89,0
DA:97,0
DA:100,0
DA:101,0
DA:107,1
DA:108,1
DA:109,1
DA:110,1
DA:111,1
DA:112,1
DA:113,1
DA:115,0
DA:116,0
DA:119,0
DA:120,0
DA:126,1
DA:127,0
DA:128,0
DA:129,0
DA:131,0
DA:141,0
DA:142,0
DA:144,0
DA:150,0
DA:151,0
DA:152,0
DA:153,0
DA:154,0
DA:156,0
DA:159,0
DA:160,0
DA:166,1
DA:167,1
DA:168,1
DA:169,1
DA:170,0
DA:171,0
DA:172,0
DA:173,0
DA:175,0
DA:178,1
DA:179,1
DA:185,1
DA:186,1
DA:187,1
DA:188,1
DA:190,0
DA:191,0
DA:197,1
DA:198,1
DA:199,1
DA:200,1
DA:201,1
DA:203,0
DA:204,0
DA:210,1
DA:211,1
DA:212,1
DA:213,1
DA:214,1
DA:216,0
DA:217,0
LF:91
LH:46
BRDA:13,0,0,1
BRDA:88,1,0,0
BRDA:110,2,0,1
BRDA:110,2,1,0
BRDA:151,3,0,0
BRDA:170,4,0,0
BRDA:170,4,1,0
BRF:7
BRH:2
end_of_record
TN:
SF:src\controllers\productController.ts
FN:10,(anonymous_8)
FN:10,(anonymous_9)
FN:27,(anonymous_10)
FN:30,(anonymous_11)
FN:30,(anonymous_12)
FN:62,(anonymous_13)
FN:62,(anonymous_14)
FN:78,(anonymous_15)
FN:78,(anonymous_16)
FN:90,(anonymous_17)
FN:90,(anonymous_18)
FNF:11
FNH:0
FNDA:0,(anonymous_8)
FNDA:0,(anonymous_9)
FNDA:0,(anonymous_10)
FNDA:0,(anonymous_11)
FNDA:0,(anonymous_12)
FNDA:0,(anonymous_13)
FNDA:0,(anonymous_14)
FNDA:0,(anonymous_15)
FNDA:0,(anonymous_16)
FNDA:0,(anonymous_17)
FNDA:0,(anonymous_18)
DA:2,1
DA:3,1
DA:10,1
DA:11,0
DA:12,0
DA:15,0
DA:16,0
DA:17,0
DA:20,0
DA:22,0
DA:23,0
DA:24,0
DA:25,0
DA:27,0
DA:29,0
DA:30,0
DA:31,0
DA:32,0
DA:36,0
DA:48,0
DA:51,0
DA:54,0
DA:56,0
DA:57,0
DA:62,1
DA:63,0
DA:64,0
DA:65,0
DA:66,0
DA:67,0
DA:69,0
DA:70,0
DA:72,0
DA:73,0
DA:78,1
DA:79,0
DA:81,0
DA:82,0
DA:84,0
DA:85,0
DA:90,1
DA:91,0
DA:92,0
DA:93,0
DA:94,0
DA:95,0
DA:98,0
DA:101,0
DA:102,0
DA:103,0
DA:106,0
DA:108,0
DA:109,0
LF:53
LH:6
BRDA:15,0,0,0
BRDA:15,1,0,0
BRDA:15,1,1,0
BRDA:15,1,2,0
BRDA:15,1,3,0
BRDA:15,1,4,0
BRDA:15,1,5,0
BRDA:22,2,0,0
BRDA:22,2,1,0
BRDA:23,3,0,0
BRDA:23,3,1,0
BRDA:24,4,0,0
BRDA:24,4,1,0
BRDA:25,5,0,0
BRDA:25,5,1,0
BRDA:42,6,0,0
BRDA:42,6,1,0
BRDA:57,7,0,0
BRDA:57,7,1,0
BRDA:65,8,0,0
BRDA:73,9,0,0
BRDA:73,9,1,0
BRDA:85,10,0,0
BRDA:85,10,1,0
BRDA:93,11,0,0
BRDA:101,12,0,0
BRDA:109,13,0,0
BRDA:109,13,1,0
BRF:28
BRH:0
end_of_record
TN:
SF:src\controllers\userController.ts
FN:8,(anonymous_8)
FN:16,(anonymous_9)
FN:16,(anonymous_10)
FN:42,(anonymous_11)
FN:42,(anonymous_12)
FN:86,(anonymous_13)
FN:86,(anonymous_14)
FNF:7
FNH:0
FNDA:0,(anonymous_8)
FNDA:0,(anonymous_9)
FNDA:0,(anonymous_10)
FNDA:0,(anonymous_11)
FNDA:0,(anonymous_12)
FNDA:0,(anonymous_13)
FNDA:0,(anonymous_14)
DA:2,1
DA:3,1
DA:4,1
DA:5,1
DA:8,1
DA:9,0
DA:10,0
DA:12,0
DA:16,1
DA:17,0
DA:18,0
DA:19,0
DA:21,0
DA:22,0
DA:23,0
DA:26,0
DA:28,0
DA:29,0
DA:30,0
DA:32,0
DA:35,0
DA:36,0
DA:37,0
DA:42,1
DA:43,0
DA:44,0
DA:47,0
DA:48,0
DA:49,0
DA:50,0
DA:54,0
DA:55,0
DA:56,0
DA:58,0
DA:59,0
DA:60,0
DA:65,0
DA:66,0
DA:68,0
DA:74,0
DA:76,0
DA:77,0
DA:79,0
DA:80,0
DA:81,0
DA:86,1
DA:87,0
DA:88,0
DA:90,0
DA:91,0
DA:92,0
DA:94,0
DA:95,0
DA:97,0
DA:100,0
DA:101,0
DA:102,0
DA:106,1
LF:58
LH:9
BRDA:9,0,0,0
BRDA:21,1,0,0
BRDA:28,2,0,0
BRDA:28,2,1,0
BRDA:36,3,0,0
BRDA:36,3,1,0
BRDA:48,4,0,0
BRDA:54,5,0,0
BRDA:58,6,0,0
BRDA:80,7,0,0
BRDA:80,7,1,0
BRDA:90,8,0,0
BRDA:90,8,1,0
BRDA:90,9,0,0
BRDA:90,9,1,0
BRDA:91,10,0,0
BRDA:101,11,0,0
BRDA:101,11,1,0
BRF:18
BRH:0
end_of_record
TN:
SF:src\middleware\adminAuth.ts
FN:4,(anonymous_8)
FN:4,(anonymous_9)
FNF:2
FNH:2
FNDA:2,(anonymous_8)
FNDA:2,(anonymous_9)
DA:2,1
DA:4,2
DA:5,2
DA:6,2
DA:7,2
DA:8,0
DA:9,0
DA:11,2
DA:12,0
DA:13,0
DA:15,2
DA:16,2
DA:17,0
DA:19,2
DA:21,0
DA:22,0
DA:23,0
DA:27,1
LF:18
LH:10
BRDA:6,0,0,0
BRDA:6,0,1,2
BRDA:7,1,0,0
BRDA:11,2,0,0
BRDA:16,3,0,0
BRDA:22,4,0,0
BRDA:22,4,1,0
BRF:7
BRH:1
end_of_record
TN:
SF:src\middleware\auth.ts
FN:4,(anonymous_8)
FN:4,(anonymous_9)
FNF:2
FNH:2
FNDA:4,(anonymous_8)
FNDA:4,(anonymous_9)
DA:2,1
DA:4,4
DA:5,4
DA:6,4
DA:7,0
DA:8,0
DA:10,4
DA:11,4
DA:12,4
DA:13,4
DA:14,4
DA:17,0
DA:18,0
LF:13
LH:9
BRDA:6,0,0,0
BRDA:11,1,0,4
BRF:2
BRH:1
end_of_record
TN:
SF:src\middleware\multer.ts
FN:5,(anonymous_1)
FNF:1
FNH:0
FNDA:0,(anonymous_1)
DA:1,1
DA:4,1
DA:6,0
DA:10,1
DA:12,1
LF:5
LH:4
BRF:0
BRH:0
end_of_record
TN:
SF:src\models\orderModel.ts
FNF:0
FNH:0
DA:1,1
DA:3,1
DA:14,1
DA:15,1
LF:4
LH:4
BRDA:14,0,0,1
BRDA:14,0,1,1
BRF:2
BRH:2
end_of_record
TN:
SF:src\models\productModel.ts
FNF:0
FNH:0
DA:1,1
DA:3,1
DA:15,1
DA:17,1
LF:4
LH:4
BRDA:15,0,0,1
BRDA:15,0,1,1
BRF:2
BRH:2
end_of_record
TN:
SF:src\models\userModel.ts
FNF:0
FNH:0
DA:1,1
DA:3,1
DA:13,1
DA:15,1
LF:4
LH:4
BRDA:13,0,0,1
BRDA:13,0,1,1
BRF:2
BRH:2
end_of_record
TN:
SF:src\routes\cartRoutes.ts
FNF:0
FNH:0
DA:1,1
DA:2,1
DA:3,1
DA:5,1
DA:7,1
DA:8,1
DA:9,1
DA:11,1
LF:8
LH:8
BRF:0
BRH:0
end_of_record
TN:
SF:src\routes\orderRoute.ts
FNF:0
FNH:0
DA:1,1
DA:2,1
DA:3,1
DA:4,1
DA:6,1
DA:9,1
DA:10,1
DA:13,1
DA:14,1
DA:15,1
DA:18,1
DA:22,1
DA:26,1
DA:28,1
LF:14
LH:14
BRF:0
BRH:0
end_of_record
TN:
SF:src\routes\productRoute.ts
FNF:0
FNH:0
DA:1,1
DA:2,1
DA:3,1
DA:4,1
DA:6,1
DA:8,1
DA:19,1
DA:20,1
DA:21,1
DA:23,1
LF:10
LH:10
BRF:0
BRH:0
end_of_record
TN:
SF:src\routes\userRoute.ts
FNF:0
FNH:0
DA:1,1
DA:2,1
DA:4,1
DA:6,1
DA:7,1
DA:8,1
DA:10,1
LF:7
LH:7
BRF:0
BRH:0
end_of_record
