TN:
SF:src\server.ts
FN:16,(anonymous_1)
FN:30,(anonymous_2)
FNF:2
FNH:0
FNDA:0,(anonymous_1)
FNDA:0,(anonymous_2)
DA:1,2
DA:2,2
DA:3,2
DA:4,2
DA:5,2
DA:6,2
DA:7,2
DA:11,2
DA:12,2
DA:13,2
DA:14,0
DA:15,0
DA:16,0
DA:17,0
DA:23,2
DA:24,2
DA:27,2
DA:28,2
DA:30,2
DA:31,0
LF:20
LH:15
BRDA:12,0,0,2
BRDA:12,0,1,2
BRDA:13,1,0,0
BRF:3
BRH:2
end_of_record
TN:
SF:src\config\cloudinary.ts
FN:3,(anonymous_0)
FNF:1
FNH:0
FNDA:0,(anonymous_0)
DA:1,2
DA:3,2
DA:4,0
DA:11,2
LF:4
LH:3
BRF:0
BRH:0
end_of_record
TN:
SF:src\config\mongodb.ts
FN:3,(anonymous_8)
FN:3,(anonymous_9)
FN:5,(anonymous_10)
FNF:3
FNH:0
FNDA:0,(anonymous_8)
FNDA:0,(anonymous_9)
FNDA:0,(anonymous_10)
DA:1,2
DA:3,2
DA:5,0
DA:6,0
DA:8,0
DA:11,2
LF:6
LH:3
BRF:0
BRH:0
end_of_record
TN:
SF:src\controllers\productController.ts
FN:10,(anonymous_8)
FN:10,(anonymous_9)
FN:27,(anonymous_10)
FN:30,(anonymous_11)
FN:30,(anonymous_12)
FN:62,(anonymous_13)
FN:62,(anonymous_14)
FN:78,(anonymous_15)
FN:78,(anonymous_16)
FN:90,(anonymous_17)
FN:90,(anonymous_18)
FNF:11
FNH:11
FNDA:2,(anonymous_8)
FNDA:2,(anonymous_9)
FNDA:4,(anonymous_10)
FNDA:4,(anonymous_11)
FNDA:4,(anonymous_12)
FNDA:2,(anonymous_13)
FNDA:2,(anonymous_14)
FNDA:1,(anonymous_15)
FNDA:1,(anonymous_16)
FNDA:3,(anonymous_17)
FNDA:3,(anonymous_18)
DA:2,2
DA:3,2
DA:10,2
DA:11,2
DA:12,2
DA:15,2
DA:16,1
DA:17,1
DA:20,1
DA:22,1
DA:23,1
DA:24,1
DA:25,1
DA:27,4
DA:29,1
DA:30,4
DA:31,4
DA:32,4
DA:36,1
DA:48,1
DA:51,1
DA:54,1
DA:56,0
DA:57,0
DA:62,2
DA:63,2
DA:64,2
DA:65,2
DA:66,1
DA:67,1
DA:69,1
DA:70,1
DA:72,0
DA:73,0
DA:78,2
DA:79,1
DA:81,1
DA:82,1
DA:84,0
DA:85,0
DA:90,3
DA:91,3
DA:92,3
DA:93,3
DA:94,1
DA:95,1
DA:98,2
DA:101,2
DA:102,1
DA:103,1
DA:106,1
DA:108,0
DA:109,0
LF:53
LH:45
BRDA:15,0,0,1
BRDA:15,1,0,2
BRDA:15,1,1,1
BRDA:15,1,2,1
BRDA:15,1,3,1
BRDA:15,1,4,1
BRDA:15,1,5,1
BRDA:22,2,0,1
BRDA:22,2,1,1
BRDA:23,3,0,1
BRDA:23,3,1,1
BRDA:24,4,0,1
BRDA:24,4,1,1
BRDA:25,5,0,1
BRDA:25,5,1,1
BRDA:42,6,0,1
BRDA:42,6,1,0
BRDA:57,7,0,0
BRDA:57,7,1,0
BRDA:65,8,0,1
BRDA:73,9,0,0
BRDA:73,9,1,0
BRDA:85,10,0,0
BRDA:85,10,1,0
BRDA:93,11,0,1
BRDA:101,12,0,1
BRDA:109,13,0,0
BRDA:109,13,1,0
BRF:28
BRH:19
end_of_record
TN:
SF:src\controllers\userController.ts
FN:8,(anonymous_8)
FN:16,(anonymous_9)
FN:16,(anonymous_10)
FN:42,(anonymous_11)
FN:42,(anonymous_12)
FN:86,(anonymous_13)
FN:86,(anonymous_14)
FNF:7
FNH:7
FNDA:2,(anonymous_8)
FNDA:3,(anonymous_9)
FNDA:3,(anonymous_10)
FNDA:4,(anonymous_11)
FNDA:4,(anonymous_12)
FNDA:2,(anonymous_13)
FNDA:2,(anonymous_14)
DA:2,2
DA:3,2
DA:4,2
DA:5,2
DA:8,2
DA:9,2
DA:10,0
DA:12,2
DA:16,3
DA:17,3
DA:18,3
DA:19,3
DA:21,3
DA:22,1
DA:23,1
DA:26,2
DA:28,2
DA:29,1
DA:30,1
DA:32,1
DA:35,0
DA:36,0
DA:37,0
DA:42,4
DA:43,4
DA:44,4
DA:47,4
DA:48,4
DA:49,1
DA:50,1
DA:54,3
DA:55,1
DA:56,1
DA:58,2
DA:59,1
DA:60,1
DA:65,1
DA:66,1
DA:68,1
DA:74,1
DA:76,1
DA:77,1
DA:79,0
DA:80,0
DA:81,0
DA:86,2
DA:87,2
DA:88,2
DA:90,2
DA:91,1
DA:92,0
DA:94,1
DA:95,1
DA:97,1
DA:100,0
DA:101,0
DA:102,0
DA:106,2
LF:58
LH:47
BRDA:9,0,0,0
BRDA:21,1,0,1
BRDA:28,2,0,1
BRDA:28,2,1,1
BRDA:36,3,0,0
BRDA:36,3,1,0
BRDA:48,4,0,1
BRDA:54,5,0,1
BRDA:58,6,0,1
BRDA:80,7,0,0
BRDA:80,7,1,0
BRDA:90,8,0,1
BRDA:90,8,1,1
BRDA:90,9,0,2
BRDA:90,9,1,1
BRDA:91,10,0,0
BRDA:101,11,0,0
BRDA:101,11,1,0
BRF:18
BRH:10
end_of_record
TN:
SF:src\middleware\adminAuth.ts
FN:4,(anonymous_8)
FN:4,(anonymous_9)
FNF:2
FNH:2
FNDA:6,(anonymous_8)
FNDA:6,(anonymous_9)
DA:2,2
DA:4,6
DA:5,6
DA:6,6
DA:7,6
DA:8,2
DA:9,2
DA:11,4
DA:12,0
DA:13,0
DA:15,4
DA:16,4
DA:17,0
DA:19,4
DA:21,0
DA:22,0
DA:23,0
DA:27,2
LF:18
LH:12
BRDA:6,0,0,0
BRDA:6,0,1,6
BRDA:7,1,0,2
BRDA:11,2,0,0
BRDA:16,3,0,0
BRDA:22,4,0,0
BRDA:22,4,1,0
BRF:7
BRH:2
end_of_record
TN:
SF:src\middleware\multer.ts
FN:5,(anonymous_1)
FNF:1
FNH:1
FNDA:4,(anonymous_1)
DA:1,2
DA:4,2
DA:6,4
DA:10,2
DA:12,2
LF:5
LH:5
BRF:0
BRH:0
end_of_record
TN:
SF:src\models\productModel.ts
FNF:0
FNH:0
DA:1,2
DA:3,2
DA:15,2
DA:17,2
LF:4
LH:4
BRDA:15,0,0,2
BRDA:15,0,1,2
BRF:2
BRH:2
end_of_record
TN:
SF:src\models\userModel.ts
FNF:0
FNH:0
DA:1,2
DA:3,2
DA:13,2
DA:15,2
LF:4
LH:4
BRDA:13,0,0,2
BRDA:13,0,1,2
BRF:2
BRH:2
end_of_record
TN:
SF:src\routes\productRoute.ts
FNF:0
FNH:0
DA:1,2
DA:2,2
DA:3,2
DA:4,2
DA:6,2
DA:8,2
DA:19,2
DA:20,2
DA:21,2
DA:23,2
LF:10
LH:10
BRF:0
BRH:0
end_of_record
TN:
SF:src\routes\userRoute.ts
FNF:0
FNH:0
DA:1,2
DA:2,2
DA:4,2
DA:6,2
DA:7,2
DA:8,2
DA:10,2
LF:7
LH:7
BRF:0
BRH:0
end_of_record
